[18-Jun-2024 00:02:27 UTC] PHP Notice:  Undefined property: stdClass::$dark_ltr_is_enabled in /home/awsstart/domains/digitalstrategists.co/public_html/themes/altum/views/partials/theme_style_js.php on line 19
[18-Jun-2024 00:02:27 UTC] PHP Notice:  Undefined property: stdClass::$light_ltr_is_enabled in /home/awsstart/domains/digitalstrategists.co/public_html/themes/altum/views/partials/theme_style_js.php on line 24
[18-Jun-2024 00:02:27 UTC] PHP Notice:  Undefined property: stdClass::$dark_ltr_is_enabled in /home/awsstart/domains/digitalstrategists.co/public_html/app/core/ThemeStyle.php on line 35
[18-Jun-2024 00:02:27 UTC] PHP Notice:  Undefined property: stdClass::$ad_blocker_detector_is_enabled in /home/awsstart/domains/digitalstrategists.co/public_html/themes/altum/views/partials/ad_blocker_detector.php on line 3
[18-Jun-2024 00:11:16 UTC] PHP Notice:  Undefined property: stdClass::$dark_ltr_is_enabled in /home/awsstart/domains/digitalstrategists.co/public_html/themes/altum/views/partials/theme_style_js.php on line 19
[18-Jun-2024 00:11:16 UTC] PHP Notice:  Undefined property: stdClass::$light_ltr_is_enabled in /home/awsstart/domains/digitalstrategists.co/public_html/themes/altum/views/partials/theme_style_js.php on line 24
[18-Jun-2024 00:11:16 UTC] PHP Notice:  Undefined property: stdClass::$dark_ltr_is_enabled in /home/awsstart/domains/digitalstrategists.co/public_html/app/core/ThemeStyle.php on line 35
[18-Jun-2024 00:11:16 UTC] PHP Notice:  Undefined property: stdClass::$ad_blocker_detector_is_enabled in /home/awsstart/domains/digitalstrategists.co/public_html/themes/altum/views/partials/ad_blocker_detector.php on line 3
[18-Jun-2024 00:47:41 UTC] PHP Notice:  Undefined property: stdClass::$dark_ltr_is_enabled in /home/awsstart/domains/digitalstrategists.co/public_html/themes/altum/views/partials/theme_style_js.php on line 19
[18-Jun-2024 00:47:41 UTC] PHP Notice:  Undefined property: stdClass::$light_ltr_is_enabled in /home/awsstart/domains/digitalstrategists.co/public_html/themes/altum/views/partials/theme_style_js.php on line 24
[18-Jun-2024 00:47:41 UTC] PHP Notice:  Undefined property: stdClass::$dark_ltr_is_enabled in /home/awsstart/domains/digitalstrategists.co/public_html/app/core/ThemeStyle.php on line 35
[18-Jun-2024 00:47:41 UTC] PHP Notice:  Undefined property: stdClass::$ad_blocker_detector_is_enabled in /home/awsstart/domains/digitalstrategists.co/public_html/themes/altum/views/partials/ad_blocker_detector.php on line 3
[18-Jun-2024 01:02:28 UTC] PHP Notice:  Undefined property: stdClass::$dark_ltr_is_enabled in /home/awsstart/domains/digitalstrategists.co/public_html/themes/altum/views/partials/theme_style_js.php on line 19
[18-Jun-2024 01:02:28 UTC] PHP Notice:  Undefined property: stdClass::$light_ltr_is_enabled in /home/awsstart/domains/digitalstrategists.co/public_html/themes/altum/views/partials/theme_style_js.php on line 24
[18-Jun-2024 01:02:28 UTC] PHP Notice:  Undefined property: stdClass::$dark_ltr_is_enabled in /home/awsstart/domains/digitalstrategists.co/public_html/app/core/ThemeStyle.php on line 35
[18-Jun-2024 01:02:28 UTC] PHP Notice:  Undefined property: stdClass::$ad_blocker_detector_is_enabled in /home/awsstart/domains/digitalstrategists.co/public_html/themes/altum/views/partials/ad_blocker_detector.php on line 3
[18-Jun-2024 01:11:30 UTC] PHP Notice:  Undefined property: stdClass::$dark_ltr_is_enabled in /home/awsstart/domains/digitalstrategists.co/public_html/themes/altum/views/partials/theme_style_js.php on line 19
[18-Jun-2024 01:11:30 UTC] PHP Notice:  Undefined property: stdClass::$light_ltr_is_enabled in /home/awsstart/domains/digitalstrategists.co/public_html/themes/altum/views/partials/theme_style_js.php on line 24
[18-Jun-2024 01:11:30 UTC] PHP Notice:  Undefined property: stdClass::$dark_ltr_is_enabled in /home/awsstart/domains/digitalstrategists.co/public_html/app/core/ThemeStyle.php on line 35
[18-Jun-2024 01:11:30 UTC] PHP Notice:  Undefined property: stdClass::$ad_blocker_detector_is_enabled in /home/awsstart/domains/digitalstrategists.co/public_html/themes/altum/views/partials/ad_blocker_detector.php on line 3
[18-Jun-2024 01:42:07 UTC] PHP Notice:  Undefined property: stdClass::$dark_ltr_is_enabled in /home/awsstart/domains/digitalstrategists.co/public_html/themes/altum/views/partials/theme_style_js.php on line 19
[18-Jun-2024 01:42:07 UTC] PHP Notice:  Undefined property: stdClass::$light_ltr_is_enabled in /home/awsstart/domains/digitalstrategists.co/public_html/themes/altum/views/partials/theme_style_js.php on line 24
[18-Jun-2024 01:42:07 UTC] PHP Notice:  Undefined property: stdClass::$dark_ltr_is_enabled in /home/awsstart/domains/digitalstrategists.co/public_html/app/core/ThemeStyle.php on line 35
[18-Jun-2024 01:42:07 UTC] PHP Notice:  Undefined property: stdClass::$ad_blocker_detector_is_enabled in /home/awsstart/domains/digitalstrategists.co/public_html/themes/altum/views/partials/ad_blocker_detector.php on line 3
[18-Jun-2024 01:57:06 UTC] PHP Notice:  Undefined variable: value in /home/awsstart/domains/digitalstrategists.co/public_html/themes/altum/views/index/index.php on line 7
[18-Jun-2024 01:57:06 UTC] PHP Notice:  Undefined variable: image in /home/awsstart/domains/digitalstrategists.co/public_html/themes/altum/views/index/index.php on line 176
[18-Jun-2024 01:57:06 UTC] PHP Notice:  Trying to get property 'input' of non-object in /home/awsstart/domains/digitalstrategists.co/public_html/themes/altum/views/index/index.php on line 176
[18-Jun-2024 01:57:06 UTC] PHP Notice:  Undefined variable: image in /home/awsstart/domains/digitalstrategists.co/public_html/themes/altum/views/index/index.php on line 176
[18-Jun-2024 01:57:06 UTC] PHP Notice:  Trying to get property 'input' of non-object in /home/awsstart/domains/digitalstrategists.co/public_html/themes/altum/views/index/index.php on line 176
[18-Jun-2024 01:57:06 UTC] PHP Notice:  Undefined variable: image in /home/awsstart/domains/digitalstrategists.co/public_html/themes/altum/views/index/index.php on line 176
[18-Jun-2024 01:57:06 UTC] PHP Notice:  Trying to get property 'input' of non-object in /home/awsstart/domains/digitalstrategists.co/public_html/themes/altum/views/index/index.php on line 176
[18-Jun-2024 01:57:06 UTC] PHP Notice:  Undefined variable: image in /home/awsstart/domains/digitalstrategists.co/public_html/themes/altum/views/index/index.php on line 176
[18-Jun-2024 01:57:06 UTC] PHP Notice:  Trying to get property 'input' of non-object in /home/awsstart/domains/digitalstrategists.co/public_html/themes/altum/views/index/index.php on line 176
[18-Jun-2024 01:57:06 UTC] PHP Notice:  Undefined variable: image in /home/awsstart/domains/digitalstrategists.co/public_html/themes/altum/views/index/index.php on line 176
[18-Jun-2024 01:57:06 UTC] PHP Notice:  Trying to get property 'input' of non-object in /home/awsstart/domains/digitalstrategists.co/public_html/themes/altum/views/index/index.php on line 176
[18-Jun-2024 01:57:06 UTC] PHP Notice:  Undefined variable: image in /home/awsstart/domains/digitalstrategists.co/public_html/themes/altum/views/index/index.php on line 176
[18-Jun-2024 01:57:06 UTC] PHP Notice:  Trying to get property 'input' of non-object in /home/awsstart/domains/digitalstrategists.co/public_html/themes/altum/views/index/index.php on line 176
[18-Jun-2024 01:57:06 UTC] PHP Notice:  Undefined variable: image in /home/awsstart/domains/digitalstrategists.co/public_html/themes/altum/views/index/index.php on line 176
[18-Jun-2024 01:57:06 UTC] PHP Notice:  Trying to get property 'input' of non-object in /home/awsstart/domains/digitalstrategists.co/public_html/themes/altum/views/index/index.php on line 176
[18-Jun-2024 01:57:06 UTC] PHP Notice:  Undefined variable: image in /home/awsstart/domains/digitalstrategists.co/public_html/themes/altum/views/index/index.php on line 176
[18-Jun-2024 01:57:06 UTC] PHP Notice:  Trying to get property 'input' of non-object in /home/awsstart/domains/digitalstrategists.co/public_html/themes/altum/views/index/index.php on line 176
[18-Jun-2024 01:57:06 UTC] PHP Notice:  Undefined variable: image in /home/awsstart/domains/digitalstrategists.co/public_html/themes/altum/views/index/index.php on line 176
[18-Jun-2024 01:57:06 UTC] PHP Notice:  Trying to get property 'input' of non-object in /home/awsstart/domains/digitalstrategists.co/public_html/themes/altum/views/index/index.php on line 176
[18-Jun-2024 01:57:06 UTC] PHP Notice:  Undefined variable: image in /home/awsstart/domains/digitalstrategists.co/public_html/themes/altum/views/index/index.php on line 176
[18-Jun-2024 01:57:06 UTC] PHP Notice:  Trying to get property 'input' of non-object in /home/awsstart/domains/digitalstrategists.co/public_html/themes/altum/views/index/index.php on line 176
[18-Jun-2024 01:57:06 UTC] PHP Notice:  Undefined variable: image in /home/awsstart/domains/digitalstrategists.co/public_html/themes/altum/views/index/index.php on line 176
[18-Jun-2024 01:57:06 UTC] PHP Notice:  Trying to get property 'input' of non-object in /home/awsstart/domains/digitalstrategists.co/public_html/themes/altum/views/index/index.php on line 176
[18-Jun-2024 01:57:06 UTC] PHP Notice:  Undefined variable: image in /home/awsstart/domains/digitalstrategists.co/public_html/themes/altum/views/index/index.php on line 176
[18-Jun-2024 01:57:06 UTC] PHP Notice:  Trying to get property 'input' of non-object in /home/awsstart/domains/digitalstrategists.co/public_html/themes/altum/views/index/index.php on line 176
[18-Jun-2024 01:57:06 UTC] PHP Notice:  Undefined variable: image in /home/awsstart/domains/digitalstrategists.co/public_html/themes/altum/views/index/index.php on line 176
[18-Jun-2024 01:57:06 UTC] PHP Notice:  Trying to get property 'input' of non-object in /home/awsstart/domains/digitalstrategists.co/public_html/themes/altum/views/index/index.php on line 176
[18-Jun-2024 01:57:06 UTC] PHP Notice:  Undefined variable: image in /home/awsstart/domains/digitalstrategists.co/public_html/themes/altum/views/index/index.php on line 176
[18-Jun-2024 01:57:06 UTC] PHP Notice:  Trying to get property 'input' of non-object in /home/awsstart/domains/digitalstrategists.co/public_html/themes/altum/views/index/index.php on line 176
[18-Jun-2024 01:57:06 UTC] PHP Notice:  Undefined variable: image in /home/awsstart/domains/digitalstrategists.co/public_html/themes/altum/views/index/index.php on line 176
[18-Jun-2024 01:57:06 UTC] PHP Notice:  Trying to get property 'input' of non-object in /home/awsstart/domains/digitalstrategists.co/public_html/themes/altum/views/index/index.php on line 176
[18-Jun-2024 01:57:06 UTC] PHP Notice:  Undefined variable: image in /home/awsstart/domains/digitalstrategists.co/public_html/themes/altum/views/index/index.php on line 176
[18-Jun-2024 01:57:06 UTC] PHP Notice:  Trying to get property 'input' of non-object in /home/awsstart/domains/digitalstrategists.co/public_html/themes/altum/views/index/index.php on line 176
[18-Jun-2024 01:57:06 UTC] PHP Notice:  Undefined variable: image in /home/awsstart/domains/digitalstrategists.co/public_html/themes/altum/views/index/index.php on line 176
[18-Jun-2024 01:57:06 UTC] PHP Notice:  Trying to get property 'input' of non-object in /home/awsstart/domains/digitalstrategists.co/public_html/themes/altum/views/index/index.php on line 176
[18-Jun-2024 01:57:06 UTC] PHP Notice:  Undefined variable: image in /home/awsstart/domains/digitalstrategists.co/public_html/themes/altum/views/index/index.php on line 176
[18-Jun-2024 01:57:06 UTC] PHP Notice:  Trying to get property 'input' of non-object in /home/awsstart/domains/digitalstrategists.co/public_html/themes/altum/views/index/index.php on line 176
[18-Jun-2024 01:57:06 UTC] PHP Notice:  Undefined variable: image in /home/awsstart/domains/digitalstrategists.co/public_html/themes/altum/views/index/index.php on line 176
[18-Jun-2024 01:57:06 UTC] PHP Notice:  Trying to get property 'input' of non-object in /home/awsstart/domains/digitalstrategists.co/public_html/themes/altum/views/index/index.php on line 176
[18-Jun-2024 01:57:06 UTC] PHP Notice:  Undefined variable: image in /home/awsstart/domains/digitalstrategists.co/public_html/themes/altum/views/index/index.php on line 176
[18-Jun-2024 01:57:06 UTC] PHP Notice:  Trying to get property 'input' of non-object in /home/awsstart/domains/digitalstrategists.co/public_html/themes/altum/views/index/index.php on line 176
[18-Jun-2024 01:57:06 UTC] PHP Notice:  Undefined variable: image in /home/awsstart/domains/digitalstrategists.co/public_html/themes/altum/views/index/index.php on line 176
[18-Jun-2024 01:57:06 UTC] PHP Notice:  Trying to get property 'input' of non-object in /home/awsstart/domains/digitalstrategists.co/public_html/themes/altum/views/index/index.php on line 176
[18-Jun-2024 01:57:06 UTC] PHP Notice:  Undefined variable: image in /home/awsstart/domains/digitalstrategists.co/public_html/themes/altum/views/index/index.php on line 176
[18-Jun-2024 01:57:06 UTC] PHP Notice:  Trying to get property 'input' of non-object in /home/awsstart/domains/digitalstrategists.co/public_html/themes/altum/views/index/index.php on line 176
[18-Jun-2024 01:57:06 UTC] PHP Notice:  Undefined variable: image in /home/awsstart/domains/digitalstrategists.co/public_html/themes/altum/views/index/index.php on line 176
[18-Jun-2024 01:57:06 UTC] PHP Notice:  Trying to get property 'input' of non-object in /home/awsstart/domains/digitalstrategists.co/public_html/themes/altum/views/index/index.php on line 176
[18-Jun-2024 01:57:06 UTC] PHP Notice:  Undefined variable: image in /home/awsstart/domains/digitalstrategists.co/public_html/themes/altum/views/index/index.php on line 176
[18-Jun-2024 01:57:06 UTC] PHP Notice:  Trying to get property 'input' of non-object in /home/awsstart/domains/digitalstrategists.co/public_html/themes/altum/views/index/index.php on line 176
[18-Jun-2024 01:57:06 UTC] PHP Notice:  Undefined variable: image in /home/awsstart/domains/digitalstrategists.co/public_html/themes/altum/views/index/index.php on line 176
[18-Jun-2024 01:57:06 UTC] PHP Notice:  Trying to get property 'input' of non-object in /home/awsstart/domains/digitalstrategists.co/public_html/themes/altum/views/index/index.php on line 176
[18-Jun-2024 01:57:06 UTC] PHP Notice:  Undefined variable: image in /home/awsstart/domains/digitalstrategists.co/public_html/themes/altum/views/index/index.php on line 176
[18-Jun-2024 01:57:06 UTC] PHP Notice:  Trying to get property 'input' of non-object in /home/awsstart/domains/digitalstrategists.co/public_html/themes/altum/views/index/index.php on line 176
[18-Jun-2024 01:57:06 UTC] PHP Notice:  Undefined variable: image in /home/awsstart/domains/digitalstrategists.co/public_html/themes/altum/views/index/index.php on line 176
[18-Jun-2024 01:57:06 UTC] PHP Notice:  Trying to get property 'input' of non-object in /home/awsstart/domains/digitalstrategists.co/public_html/themes/altum/views/index/index.php on line 176
[18-Jun-2024 01:57:06 UTC] PHP Notice:  Undefined variable: image in /home/awsstart/domains/digitalstrategists.co/public_html/themes/altum/views/index/index.php on line 176
[18-Jun-2024 01:57:06 UTC] PHP Notice:  Trying to get property 'input' of non-object in /home/awsstart/domains/digitalstrategists.co/public_html/themes/altum/views/index/index.php on line 176
[18-Jun-2024 01:57:06 UTC] PHP Notice:  Undefined variable: image in /home/awsstart/domains/digitalstrategists.co/public_html/themes/altum/views/index/index.php on line 176
[18-Jun-2024 01:57:06 UTC] PHP Notice:  Trying to get property 'input' of non-object in /home/awsstart/domains/digitalstrategists.co/public_html/themes/altum/views/index/index.php on line 176
[18-Jun-2024 01:57:06 UTC] PHP Notice:  Undefined variable: image in /home/awsstart/domains/digitalstrategists.co/public_html/themes/altum/views/index/index.php on line 176
[18-Jun-2024 01:57:06 UTC] PHP Notice:  Trying to get property 'input' of non-object in /home/awsstart/domains/digitalstrategists.co/public_html/themes/altum/views/index/index.php on line 176
[18-Jun-2024 01:57:06 UTC] PHP Notice:  Undefined variable: image in /home/awsstart/domains/digitalstrategists.co/public_html/themes/altum/views/index/index.php on line 176
[18-Jun-2024 01:57:06 UTC] PHP Notice:  Trying to get property 'input' of non-object in /home/awsstart/domains/digitalstrategists.co/public_html/themes/altum/views/index/index.php on line 176
[18-Jun-2024 01:57:06 UTC] PHP Notice:  Undefined variable: image in /home/awsstart/domains/digitalstrategists.co/public_html/themes/altum/views/index/index.php on line 176
[18-Jun-2024 01:57:06 UTC] PHP Notice:  Trying to get property 'input' of non-object in /home/awsstart/domains/digitalstrategists.co/public_html/themes/altum/views/index/index.php on line 176
[18-Jun-2024 01:57:06 UTC] PHP Notice:  Undefined property: stdClass::$dark_ltr_is_enabled in /home/awsstart/domains/digitalstrategists.co/public_html/themes/altum/views/partials/theme_style_js.php on line 19
[18-Jun-2024 01:57:06 UTC] PHP Notice:  Undefined property: stdClass::$light_ltr_is_enabled in /home/awsstart/domains/digitalstrategists.co/public_html/themes/altum/views/partials/theme_style_js.php on line 24
[18-Jun-2024 01:57:06 UTC] PHP Notice:  Undefined property: stdClass::$dark_ltr_is_enabled in /home/awsstart/domains/digitalstrategists.co/public_html/app/core/ThemeStyle.php on line 35
[18-Jun-2024 01:57:06 UTC] PHP Notice:  Undefined property: stdClass::$ad_blocker_detector_is_enabled in /home/awsstart/domains/digitalstrategists.co/public_html/themes/altum/views/partials/ad_blocker_detector.php on line 3
[18-Jun-2024 01:57:10 UTC] PHP Notice:  Undefined property: stdClass::$dark_ltr_is_enabled in /home/awsstart/domains/digitalstrategists.co/public_html/app/core/ThemeStyle.php on line 35
[18-Jun-2024 02:11:04 UTC] PHP Notice:  Undefined property: stdClass::$dark_ltr_is_enabled in /home/awsstart/domains/digitalstrategists.co/public_html/app/core/ThemeStyle.php on line 35
[18-Jun-2024 02:11:04 UTC] PHP Notice:  Undefined variable: value in /home/awsstart/domains/digitalstrategists.co/public_html/themes/altum/views/index/index.php on line 7
[18-Jun-2024 02:11:04 UTC] PHP Notice:  Undefined variable: image in /home/awsstart/domains/digitalstrategists.co/public_html/themes/altum/views/index/index.php on line 176
[18-Jun-2024 02:11:04 UTC] PHP Notice:  Trying to get property 'input' of non-object in /home/awsstart/domains/digitalstrategists.co/public_html/themes/altum/views/index/index.php on line 176
[18-Jun-2024 02:11:04 UTC] PHP Notice:  Undefined variable: image in /home/awsstart/domains/digitalstrategists.co/public_html/themes/altum/views/index/index.php on line 176
[18-Jun-2024 02:11:04 UTC] PHP Notice:  Trying to get property 'input' of non-object in /home/awsstart/domains/digitalstrategists.co/public_html/themes/altum/views/index/index.php on line 176
[18-Jun-2024 02:11:04 UTC] PHP Notice:  Undefined variable: image in /home/awsstart/domains/digitalstrategists.co/public_html/themes/altum/views/index/index.php on line 176
[18-Jun-2024 02:11:04 UTC] PHP Notice:  Trying to get property 'input' of non-object in /home/awsstart/domains/digitalstrategists.co/public_html/themes/altum/views/index/index.php on line 176
[18-Jun-2024 02:11:04 UTC] PHP Notice:  Undefined variable: image in /home/awsstart/domains/digitalstrategists.co/public_html/themes/altum/views/index/index.php on line 176
[18-Jun-2024 02:11:04 UTC] PHP Notice:  Trying to get property 'input' of non-object in /home/awsstart/domains/digitalstrategists.co/public_html/themes/altum/views/index/index.php on line 176
[18-Jun-2024 02:11:04 UTC] PHP Notice:  Undefined variable: image in /home/awsstart/domains/digitalstrategists.co/public_html/themes/altum/views/index/index.php on line 176
[18-Jun-2024 02:11:04 UTC] PHP Notice:  Trying to get property 'input' of non-object in /home/awsstart/domains/digitalstrategists.co/public_html/themes/altum/views/index/index.php on line 176
[18-Jun-2024 02:11:04 UTC] PHP Notice:  Undefined variable: image in /home/awsstart/domains/digitalstrategists.co/public_html/themes/altum/views/index/index.php on line 176
[18-Jun-2024 02:11:04 UTC] PHP Notice:  Trying to get property 'input' of non-object in /home/awsstart/domains/digitalstrategists.co/public_html/themes/altum/views/index/index.php on line 176
[18-Jun-2024 02:11:04 UTC] PHP Notice:  Undefined variable: image in /home/awsstart/domains/digitalstrategists.co/public_html/themes/altum/views/index/index.php on line 176
[18-Jun-2024 02:11:04 UTC] PHP Notice:  Trying to get property 'input' of non-object in /home/awsstart/domains/digitalstrategists.co/public_html/themes/altum/views/index/index.php on line 176
[18-Jun-2024 02:11:04 UTC] PHP Notice:  Undefined variable: image in /home/awsstart/domains/digitalstrategists.co/public_html/themes/altum/views/index/index.php on line 176
[18-Jun-2024 02:11:04 UTC] PHP Notice:  Trying to get property 'input' of non-object in /home/awsstart/domains/digitalstrategists.co/public_html/themes/altum/views/index/index.php on line 176
[18-Jun-2024 02:11:04 UTC] PHP Notice:  Undefined variable: image in /home/awsstart/domains/digitalstrategists.co/public_html/themes/altum/views/index/index.php on line 176
[18-Jun-2024 02:11:04 UTC] PHP Notice:  Trying to get property 'input' of non-object in /home/awsstart/domains/digitalstrategists.co/public_html/themes/altum/views/index/index.php on line 176
[18-Jun-2024 02:11:04 UTC] PHP Notice:  Undefined variable: image in /home/awsstart/domains/digitalstrategists.co/public_html/themes/altum/views/index/index.php on line 176
[18-Jun-2024 02:11:04 UTC] PHP Notice:  Trying to get property 'input' of non-object in /home/awsstart/domains/digitalstrategists.co/public_html/themes/altum/views/index/index.php on line 176
[18-Jun-2024 02:11:04 UTC] PHP Notice:  Undefined variable: image in /home/awsstart/domains/digitalstrategists.co/public_html/themes/altum/views/index/index.php on line 176
[18-Jun-2024 02:11:04 UTC] PHP Notice:  Trying to get property 'input' of non-object in /home/awsstart/domains/digitalstrategists.co/public_html/themes/altum/views/index/index.php on line 176
[18-Jun-2024 02:11:04 UTC] PHP Notice:  Undefined variable: image in /home/awsstart/domains/digitalstrategists.co/public_html/themes/altum/views/index/index.php on line 176
[18-Jun-2024 02:11:04 UTC] PHP Notice:  Trying to get property 'input' of non-object in /home/awsstart/domains/digitalstrategists.co/public_html/themes/altum/views/index/index.php on line 176
[18-Jun-2024 02:11:04 UTC] PHP Notice:  Undefined variable: image in /home/awsstart/domains/digitalstrategists.co/public_html/themes/altum/views/index/index.php on line 176
[18-Jun-2024 02:11:04 UTC] PHP Notice:  Trying to get property 'input' of non-object in /home/awsstart/domains/digitalstrategists.co/public_html/themes/altum/views/index/index.php on line 176
[18-Jun-2024 02:11:04 UTC] PHP Notice:  Undefined variable: image in /home/awsstart/domains/digitalstrategists.co/public_html/themes/altum/views/index/index.php on line 176
[18-Jun-2024 02:11:04 UTC] PHP Notice:  Trying to get property 'input' of non-object in /home/awsstart/domains/digitalstrategists.co/public_html/themes/altum/views/index/index.php on line 176
[18-Jun-2024 02:11:04 UTC] PHP Notice:  Undefined variable: image in /home/awsstart/domains/digitalstrategists.co/public_html/themes/altum/views/index/index.php on line 176
[18-Jun-2024 02:11:04 UTC] PHP Notice:  Trying to get property 'input' of non-object in /home/awsstart/domains/digitalstrategists.co/public_html/themes/altum/views/index/index.php on line 176
[18-Jun-2024 02:11:04 UTC] PHP Notice:  Undefined variable: image in /home/awsstart/domains/digitalstrategists.co/public_html/themes/altum/views/index/index.php on line 176
[18-Jun-2024 02:11:04 UTC] PHP Notice:  Trying to get property 'input' of non-object in /home/awsstart/domains/digitalstrategists.co/public_html/themes/altum/views/index/index.php on line 176
[18-Jun-2024 02:11:04 UTC] PHP Notice:  Undefined variable: image in /home/awsstart/domains/digitalstrategists.co/public_html/themes/altum/views/index/index.php on line 176
[18-Jun-2024 02:11:04 UTC] PHP Notice:  Trying to get property 'input' of non-object in /home/awsstart/domains/digitalstrategists.co/public_html/themes/altum/views/index/index.php on line 176
[18-Jun-2024 02:11:04 UTC] PHP Notice:  Undefined variable: image in /home/awsstart/domains/digitalstrategists.co/public_html/themes/altum/views/index/index.php on line 176
[18-Jun-2024 02:11:04 UTC] PHP Notice:  Trying to get property 'input' of non-object in /home/awsstart/domains/digitalstrategists.co/public_html/themes/altum/views/index/index.php on line 176
[18-Jun-2024 02:11:04 UTC] PHP Notice:  Undefined variable: image in /home/awsstart/domains/digitalstrategists.co/public_html/themes/altum/views/index/index.php on line 176
[18-Jun-2024 02:11:04 UTC] PHP Notice:  Trying to get property 'input' of non-object in /home/awsstart/domains/digitalstrategists.co/public_html/themes/altum/views/index/index.php on line 176
[18-Jun-2024 02:11:04 UTC] PHP Notice:  Undefined variable: image in /home/awsstart/domains/digitalstrategists.co/public_html/themes/altum/views/index/index.php on line 176
[18-Jun-2024 02:11:04 UTC] PHP Notice:  Trying to get property 'input' of non-object in /home/awsstart/domains/digitalstrategists.co/public_html/themes/altum/views/index/index.php on line 176
[18-Jun-2024 02:11:04 UTC] PHP Notice:  Undefined variable: image in /home/awsstart/domains/digitalstrategists.co/public_html/themes/altum/views/index/index.php on line 176
[18-Jun-2024 02:11:04 UTC] PHP Notice:  Trying to get property 'input' of non-object in /home/awsstart/domains/digitalstrategists.co/public_html/themes/altum/views/index/index.php on line 176
[18-Jun-2024 02:11:04 UTC] PHP Notice:  Undefined variable: image in /home/awsstart/domains/digitalstrategists.co/public_html/themes/altum/views/index/index.php on line 176
[18-Jun-2024 02:11:04 UTC] PHP Notice:  Trying to get property 'input' of non-object in /home/awsstart/domains/digitalstrategists.co/public_html/themes/altum/views/index/index.php on line 176
[18-Jun-2024 02:11:04 UTC] PHP Notice:  Undefined variable: image in /home/awsstart/domains/digitalstrategists.co/public_html/themes/altum/views/index/index.php on line 176
[18-Jun-2024 02:11:04 UTC] PHP Notice:  Trying to get property 'input' of non-object in /home/awsstart/domains/digitalstrategists.co/public_html/themes/altum/views/index/index.php on line 176
[18-Jun-2024 02:11:04 UTC] PHP Notice:  Undefined variable: image in /home/awsstart/domains/digitalstrategists.co/public_html/themes/altum/views/index/index.php on line 176
[18-Jun-2024 02:11:04 UTC] PHP Notice:  Trying to get property 'input' of non-object in /home/awsstart/domains/digitalstrategists.co/public_html/themes/altum/views/index/index.php on line 176
[18-Jun-2024 02:11:04 UTC] PHP Notice:  Undefined variable: image in /home/awsstart/domains/digitalstrategists.co/public_html/themes/altum/views/index/index.php on line 176
[18-Jun-2024 02:11:04 UTC] PHP Notice:  Trying to get property 'input' of non-object in /home/awsstart/domains/digitalstrategists.co/public_html/themes/altum/views/index/index.php on line 176
[18-Jun-2024 02:11:04 UTC] PHP Notice:  Undefined variable: image in /home/awsstart/domains/digitalstrategists.co/public_html/themes/altum/views/index/index.php on line 176
[18-Jun-2024 02:11:04 UTC] PHP Notice:  Trying to get property 'input' of non-object in /home/awsstart/domains/digitalstrategists.co/public_html/themes/altum/views/index/index.php on line 176
[18-Jun-2024 02:11:04 UTC] PHP Notice:  Undefined variable: image in /home/awsstart/domains/digitalstrategists.co/public_html/themes/altum/views/index/index.php on line 176
[18-Jun-2024 02:11:04 UTC] PHP Notice:  Trying to get property 'input' of non-object in /home/awsstart/domains/digitalstrategists.co/public_html/themes/altum/views/index/index.php on line 176
[18-Jun-2024 02:11:04 UTC] PHP Notice:  Undefined variable: image in /home/awsstart/domains/digitalstrategists.co/public_html/themes/altum/views/index/index.php on line 176
[18-Jun-2024 02:11:04 UTC] PHP Notice:  Trying to get property 'input' of non-object in /home/awsstart/domains/digitalstrategists.co/public_html/themes/altum/views/index/index.php on line 176
[18-Jun-2024 02:11:04 UTC] PHP Notice:  Undefined variable: image in /home/awsstart/domains/digitalstrategists.co/public_html/themes/altum/views/index/index.php on line 176
[18-Jun-2024 02:11:04 UTC] PHP Notice:  Trying to get property 'input' of non-object in /home/awsstart/domains/digitalstrategists.co/public_html/themes/altum/views/index/index.php on line 176
[18-Jun-2024 02:11:04 UTC] PHP Notice:  Undefined variable: image in /home/awsstart/domains/digitalstrategists.co/public_html/themes/altum/views/index/index.php on line 176
[18-Jun-2024 02:11:04 UTC] PHP Notice:  Trying to get property 'input' of non-object in /home/awsstart/domains/digitalstrategists.co/public_html/themes/altum/views/index/index.php on line 176
[18-Jun-2024 02:11:04 UTC] PHP Notice:  Undefined variable: image in /home/awsstart/domains/digitalstrategists.co/public_html/themes/altum/views/index/index.php on line 176
[18-Jun-2024 02:11:04 UTC] PHP Notice:  Trying to get property 'input' of non-object in /home/awsstart/domains/digitalstrategists.co/public_html/themes/altum/views/index/index.php on line 176
[18-Jun-2024 02:11:04 UTC] PHP Notice:  Undefined variable: image in /home/awsstart/domains/digitalstrategists.co/public_html/themes/altum/views/index/index.php on line 176
[18-Jun-2024 02:11:04 UTC] PHP Notice:  Trying to get property 'input' of non-object in /home/awsstart/domains/digitalstrategists.co/public_html/themes/altum/views/index/index.php on line 176
[18-Jun-2024 02:11:04 UTC] PHP Notice:  Undefined property: stdClass::$dark_ltr_is_enabled in /home/awsstart/domains/digitalstrategists.co/public_html/themes/altum/views/partials/theme_style_js.php on line 19
[18-Jun-2024 02:11:04 UTC] PHP Notice:  Undefined property: stdClass::$light_ltr_is_enabled in /home/awsstart/domains/digitalstrategists.co/public_html/themes/altum/views/partials/theme_style_js.php on line 24
[18-Jun-2024 02:11:04 UTC] PHP Notice:  Undefined property: stdClass::$dark_ltr_is_enabled in /home/awsstart/domains/digitalstrategists.co/public_html/app/core/ThemeStyle.php on line 35
[18-Jun-2024 02:11:04 UTC] PHP Notice:  Undefined property: stdClass::$ad_blocker_detector_is_enabled in /home/awsstart/domains/digitalstrategists.co/public_html/themes/altum/views/partials/ad_blocker_detector.php on line 3
[18-Jun-2024 02:12:28 UTC] PHP Notice:  Undefined property: stdClass::$dark_ltr_is_enabled in /home/awsstart/domains/digitalstrategists.co/public_html/app/core/ThemeStyle.php on line 35
[18-Jun-2024 02:12:28 UTC] PHP Notice:  Undefined property: stdClass::$dark_ltr_is_enabled in /home/awsstart/domains/digitalstrategists.co/public_html/app/core/ThemeStyle.php on line 35
[18-Jun-2024 04:10:52 UTC] PHP Notice:  Undefined property: stdClass::$dark_ltr_is_enabled in /home/awsstart/domains/digitalstrategists.co/public_html/themes/altum/views/partials/theme_style_js.php on line 19
[18-Jun-2024 04:10:52 UTC] PHP Notice:  Undefined property: stdClass::$light_ltr_is_enabled in /home/awsstart/domains/digitalstrategists.co/public_html/themes/altum/views/partials/theme_style_js.php on line 24
[18-Jun-2024 04:10:52 UTC] PHP Notice:  Undefined property: stdClass::$dark_ltr_is_enabled in /home/awsstart/domains/digitalstrategists.co/public_html/app/core/ThemeStyle.php on line 35
[18-Jun-2024 04:10:52 UTC] PHP Notice:  Undefined property: stdClass::$ad_blocker_detector_is_enabled in /home/awsstart/domains/digitalstrategists.co/public_html/themes/altum/views/partials/ad_blocker_detector.php on line 3
[18-Jun-2024 04:10:54 UTC] PHP Notice:  Undefined variable: value in /home/awsstart/domains/digitalstrategists.co/public_html/themes/altum/views/index/index.php on line 7
[18-Jun-2024 04:10:54 UTC] PHP Notice:  Undefined variable: image in /home/awsstart/domains/digitalstrategists.co/public_html/themes/altum/views/index/index.php on line 176
[18-Jun-2024 04:10:54 UTC] PHP Notice:  Trying to get property 'input' of non-object in /home/awsstart/domains/digitalstrategists.co/public_html/themes/altum/views/index/index.php on line 176
[18-Jun-2024 04:10:54 UTC] PHP Notice:  Undefined variable: image in /home/awsstart/domains/digitalstrategists.co/public_html/themes/altum/views/index/index.php on line 176
[18-Jun-2024 04:10:54 UTC] PHP Notice:  Trying to get property 'input' of non-object in /home/awsstart/domains/digitalstrategists.co/public_html/themes/altum/views/index/index.php on line 176
[18-Jun-2024 04:10:54 UTC] PHP Notice:  Undefined variable: image in /home/awsstart/domains/digitalstrategists.co/public_html/themes/altum/views/index/index.php on line 176
[18-Jun-2024 04:10:54 UTC] PHP Notice:  Trying to get property 'input' of non-object in /home/awsstart/domains/digitalstrategists.co/public_html/themes/altum/views/index/index.php on line 176
[18-Jun-2024 04:10:54 UTC] PHP Notice:  Undefined variable: image in /home/awsstart/domains/digitalstrategists.co/public_html/themes/altum/views/index/index.php on line 176
[18-Jun-2024 04:10:54 UTC] PHP Notice:  Trying to get property 'input' of non-object in /home/awsstart/domains/digitalstrategists.co/public_html/themes/altum/views/index/index.php on line 176
[18-Jun-2024 04:10:54 UTC] PHP Notice:  Undefined variable: image in /home/awsstart/domains/digitalstrategists.co/public_html/themes/altum/views/index/index.php on line 176
[18-Jun-2024 04:10:54 UTC] PHP Notice:  Trying to get property 'input' of non-object in /home/awsstart/domains/digitalstrategists.co/public_html/themes/altum/views/index/index.php on line 176
[18-Jun-2024 04:10:54 UTC] PHP Notice:  Undefined variable: image in /home/awsstart/domains/digitalstrategists.co/public_html/themes/altum/views/index/index.php on line 176
[18-Jun-2024 04:10:54 UTC] PHP Notice:  Trying to get property 'input' of non-object in /home/awsstart/domains/digitalstrategists.co/public_html/themes/altum/views/index/index.php on line 176
[18-Jun-2024 04:10:54 UTC] PHP Notice:  Undefined variable: image in /home/awsstart/domains/digitalstrategists.co/public_html/themes/altum/views/index/index.php on line 176
[18-Jun-2024 04:10:54 UTC] PHP Notice:  Trying to get property 'input' of non-object in /home/awsstart/domains/digitalstrategists.co/public_html/themes/altum/views/index/index.php on line 176
[18-Jun-2024 04:10:54 UTC] PHP Notice:  Undefined variable: image in /home/awsstart/domains/digitalstrategists.co/public_html/themes/altum/views/index/index.php on line 176
[18-Jun-2024 04:10:54 UTC] PHP Notice:  Trying to get property 'input' of non-object in /home/awsstart/domains/digitalstrategists.co/public_html/themes/altum/views/index/index.php on line 176
[18-Jun-2024 04:10:54 UTC] PHP Notice:  Undefined variable: image in /home/awsstart/domains/digitalstrategists.co/public_html/themes/altum/views/index/index.php on line 176
[18-Jun-2024 04:10:54 UTC] PHP Notice:  Trying to get property 'input' of non-object in /home/awsstart/domains/digitalstrategists.co/public_html/themes/altum/views/index/index.php on line 176
[18-Jun-2024 04:10:54 UTC] PHP Notice:  Undefined variable: image in /home/awsstart/domains/digitalstrategists.co/public_html/themes/altum/views/index/index.php on line 176
[18-Jun-2024 04:10:54 UTC] PHP Notice:  Trying to get property 'input' of non-object in /home/awsstart/domains/digitalstrategists.co/public_html/themes/altum/views/index/index.php on line 176
[18-Jun-2024 04:10:54 UTC] PHP Notice:  Undefined variable: image in /home/awsstart/domains/digitalstrategists.co/public_html/themes/altum/views/index/index.php on line 176
[18-Jun-2024 04:10:54 UTC] PHP Notice:  Trying to get property 'input' of non-object in /home/awsstart/domains/digitalstrategists.co/public_html/themes/altum/views/index/index.php on line 176
[18-Jun-2024 04:10:54 UTC] PHP Notice:  Undefined variable: image in /home/awsstart/domains/digitalstrategists.co/public_html/themes/altum/views/index/index.php on line 176
[18-Jun-2024 04:10:54 UTC] PHP Notice:  Trying to get property 'input' of non-object in /home/awsstart/domains/digitalstrategists.co/public_html/themes/altum/views/index/index.php on line 176
[18-Jun-2024 04:10:54 UTC] PHP Notice:  Undefined variable: image in /home/awsstart/domains/digitalstrategists.co/public_html/themes/altum/views/index/index.php on line 176
[18-Jun-2024 04:10:54 UTC] PHP Notice:  Trying to get property 'input' of non-object in /home/awsstart/domains/digitalstrategists.co/public_html/themes/altum/views/index/index.php on line 176
[18-Jun-2024 04:10:54 UTC] PHP Notice:  Undefined variable: image in /home/awsstart/domains/digitalstrategists.co/public_html/themes/altum/views/index/index.php on line 176
[18-Jun-2024 04:10:54 UTC] PHP Notice:  Trying to get property 'input' of non-object in /home/awsstart/domains/digitalstrategists.co/public_html/themes/altum/views/index/index.php on line 176
[18-Jun-2024 04:10:54 UTC] PHP Notice:  Undefined variable: image in /home/awsstart/domains/digitalstrategists.co/public_html/themes/altum/views/index/index.php on line 176
[18-Jun-2024 04:10:54 UTC] PHP Notice:  Trying to get property 'input' of non-object in /home/awsstart/domains/digitalstrategists.co/public_html/themes/altum/views/index/index.php on line 176
[18-Jun-2024 04:10:54 UTC] PHP Notice:  Undefined variable: image in /home/awsstart/domains/digitalstrategists.co/public_html/themes/altum/views/index/index.php on line 176
[18-Jun-2024 04:10:54 UTC] PHP Notice:  Trying to get property 'input' of non-object in /home/awsstart/domains/digitalstrategists.co/public_html/themes/altum/views/index/index.php on line 176
[18-Jun-2024 04:10:54 UTC] PHP Notice:  Undefined variable: image in /home/awsstart/domains/digitalstrategists.co/public_html/themes/altum/views/index/index.php on line 176
[18-Jun-2024 04:10:54 UTC] PHP Notice:  Trying to get property 'input' of non-object in /home/awsstart/domains/digitalstrategists.co/public_html/themes/altum/views/index/index.php on line 176
[18-Jun-2024 04:10:54 UTC] PHP Notice:  Undefined variable: image in /home/awsstart/domains/digitalstrategists.co/public_html/themes/altum/views/index/index.php on line 176
[18-Jun-2024 04:10:54 UTC] PHP Notice:  Trying to get property 'input' of non-object in /home/awsstart/domains/digitalstrategists.co/public_html/themes/altum/views/index/index.php on line 176
[18-Jun-2024 04:10:54 UTC] PHP Notice:  Undefined variable: image in /home/awsstart/domains/digitalstrategists.co/public_html/themes/altum/views/index/index.php on line 176
[18-Jun-2024 04:10:54 UTC] PHP Notice:  Trying to get property 'input' of non-object in /home/awsstart/domains/digitalstrategists.co/public_html/themes/altum/views/index/index.php on line 176
[18-Jun-2024 04:10:54 UTC] PHP Notice:  Undefined variable: image in /home/awsstart/domains/digitalstrategists.co/public_html/themes/altum/views/index/index.php on line 176
[18-Jun-2024 04:10:54 UTC] PHP Notice:  Trying to get property 'input' of non-object in /home/awsstart/domains/digitalstrategists.co/public_html/themes/altum/views/index/index.php on line 176
[18-Jun-2024 04:10:54 UTC] PHP Notice:  Undefined variable: image in /home/awsstart/domains/digitalstrategists.co/public_html/themes/altum/views/index/index.php on line 176
[18-Jun-2024 04:10:54 UTC] PHP Notice:  Trying to get property 'input' of non-object in /home/awsstart/domains/digitalstrategists.co/public_html/themes/altum/views/index/index.php on line 176
[18-Jun-2024 04:10:54 UTC] PHP Notice:  Undefined variable: image in /home/awsstart/domains/digitalstrategists.co/public_html/themes/altum/views/index/index.php on line 176
[18-Jun-2024 04:10:54 UTC] PHP Notice:  Trying to get property 'input' of non-object in /home/awsstart/domains/digitalstrategists.co/public_html/themes/altum/views/index/index.php on line 176
[18-Jun-2024 04:10:54 UTC] PHP Notice:  Undefined variable: image in /home/awsstart/domains/digitalstrategists.co/public_html/themes/altum/views/index/index.php on line 176
[18-Jun-2024 04:10:54 UTC] PHP Notice:  Trying to get property 'input' of non-object in /home/awsstart/domains/digitalstrategists.co/public_html/themes/altum/views/index/index.php on line 176
[18-Jun-2024 04:10:54 UTC] PHP Notice:  Undefined variable: image in /home/awsstart/domains/digitalstrategists.co/public_html/themes/altum/views/index/index.php on line 176
[18-Jun-2024 04:10:54 UTC] PHP Notice:  Trying to get property 'input' of non-object in /home/awsstart/domains/digitalstrategists.co/public_html/themes/altum/views/index/index.php on line 176
[18-Jun-2024 04:10:54 UTC] PHP Notice:  Undefined variable: image in /home/awsstart/domains/digitalstrategists.co/public_html/themes/altum/views/index/index.php on line 176
[18-Jun-2024 04:10:54 UTC] PHP Notice:  Trying to get property 'input' of non-object in /home/awsstart/domains/digitalstrategists.co/public_html/themes/altum/views/index/index.php on line 176
[18-Jun-2024 04:10:54 UTC] PHP Notice:  Undefined variable: image in /home/awsstart/domains/digitalstrategists.co/public_html/themes/altum/views/index/index.php on line 176
[18-Jun-2024 04:10:54 UTC] PHP Notice:  Trying to get property 'input' of non-object in /home/awsstart/domains/digitalstrategists.co/public_html/themes/altum/views/index/index.php on line 176
[18-Jun-2024 04:10:54 UTC] PHP Notice:  Undefined variable: image in /home/awsstart/domains/digitalstrategists.co/public_html/themes/altum/views/index/index.php on line 176
[18-Jun-2024 04:10:54 UTC] PHP Notice:  Trying to get property 'input' of non-object in /home/awsstart/domains/digitalstrategists.co/public_html/themes/altum/views/index/index.php on line 176
[18-Jun-2024 04:10:54 UTC] PHP Notice:  Undefined variable: image in /home/awsstart/domains/digitalstrategists.co/public_html/themes/altum/views/index/index.php on line 176
[18-Jun-2024 04:10:54 UTC] PHP Notice:  Trying to get property 'input' of non-object in /home/awsstart/domains/digitalstrategists.co/public_html/themes/altum/views/index/index.php on line 176
[18-Jun-2024 04:10:54 UTC] PHP Notice:  Undefined variable: image in /home/awsstart/domains/digitalstrategists.co/public_html/themes/altum/views/index/index.php on line 176
[18-Jun-2024 04:10:54 UTC] PHP Notice:  Trying to get property 'input' of non-object in /home/awsstart/domains/digitalstrategists.co/public_html/themes/altum/views/index/index.php on line 176
[18-Jun-2024 04:10:54 UTC] PHP Notice:  Undefined variable: image in /home/awsstart/domains/digitalstrategists.co/public_html/themes/altum/views/index/index.php on line 176
[18-Jun-2024 04:10:54 UTC] PHP Notice:  Trying to get property 'input' of non-object in /home/awsstart/domains/digitalstrategists.co/public_html/themes/altum/views/index/index.php on line 176
[18-Jun-2024 04:10:54 UTC] PHP Notice:  Undefined variable: image in /home/awsstart/domains/digitalstrategists.co/public_html/themes/altum/views/index/index.php on line 176
[18-Jun-2024 04:10:54 UTC] PHP Notice:  Trying to get property 'input' of non-object in /home/awsstart/domains/digitalstrategists.co/public_html/themes/altum/views/index/index.php on line 176
[18-Jun-2024 04:10:54 UTC] PHP Notice:  Undefined variable: image in /home/awsstart/domains/digitalstrategists.co/public_html/themes/altum/views/index/index.php on line 176
[18-Jun-2024 04:10:54 UTC] PHP Notice:  Trying to get property 'input' of non-object in /home/awsstart/domains/digitalstrategists.co/public_html/themes/altum/views/index/index.php on line 176
[18-Jun-2024 04:10:54 UTC] PHP Notice:  Undefined property: stdClass::$dark_ltr_is_enabled in /home/awsstart/domains/digitalstrategists.co/public_html/themes/altum/views/partials/theme_style_js.php on line 19
[18-Jun-2024 04:10:54 UTC] PHP Notice:  Undefined property: stdClass::$light_ltr_is_enabled in /home/awsstart/domains/digitalstrategists.co/public_html/themes/altum/views/partials/theme_style_js.php on line 24
[18-Jun-2024 04:10:54 UTC] PHP Notice:  Undefined property: stdClass::$dark_ltr_is_enabled in /home/awsstart/domains/digitalstrategists.co/public_html/app/core/ThemeStyle.php on line 35
[18-Jun-2024 04:10:54 UTC] PHP Notice:  Undefined property: stdClass::$ad_blocker_detector_is_enabled in /home/awsstart/domains/digitalstrategists.co/public_html/themes/altum/views/partials/ad_blocker_detector.php on line 3
[18-Jun-2024 05:00:55 UTC] PHP Notice:  Undefined variable: value in /home/awsstart/domains/digitalstrategists.co/public_html/themes/altum/views/index/index.php on line 7
[18-Jun-2024 05:00:55 UTC] PHP Notice:  Undefined variable: image in /home/awsstart/domains/digitalstrategists.co/public_html/themes/altum/views/index/index.php on line 176
[18-Jun-2024 05:00:55 UTC] PHP Notice:  Trying to get property 'input' of non-object in /home/awsstart/domains/digitalstrategists.co/public_html/themes/altum/views/index/index.php on line 176
[18-Jun-2024 05:00:55 UTC] PHP Notice:  Undefined variable: image in /home/awsstart/domains/digitalstrategists.co/public_html/themes/altum/views/index/index.php on line 176
[18-Jun-2024 05:00:55 UTC] PHP Notice:  Trying to get property 'input' of non-object in /home/awsstart/domains/digitalstrategists.co/public_html/themes/altum/views/index/index.php on line 176
[18-Jun-2024 05:00:55 UTC] PHP Notice:  Undefined variable: image in /home/awsstart/domains/digitalstrategists.co/public_html/themes/altum/views/index/index.php on line 176
[18-Jun-2024 05:00:55 UTC] PHP Notice:  Trying to get property 'input' of non-object in /home/awsstart/domains/digitalstrategists.co/public_html/themes/altum/views/index/index.php on line 176
[18-Jun-2024 05:00:55 UTC] PHP Notice:  Undefined variable: image in /home/awsstart/domains/digitalstrategists.co/public_html/themes/altum/views/index/index.php on line 176
[18-Jun-2024 05:00:55 UTC] PHP Notice:  Trying to get property 'input' of non-object in /home/awsstart/domains/digitalstrategists.co/public_html/themes/altum/views/index/index.php on line 176
[18-Jun-2024 05:00:55 UTC] PHP Notice:  Undefined variable: image in /home/awsstart/domains/digitalstrategists.co/public_html/themes/altum/views/index/index.php on line 176
[18-Jun-2024 05:00:55 UTC] PHP Notice:  Trying to get property 'input' of non-object in /home/awsstart/domains/digitalstrategists.co/public_html/themes/altum/views/index/index.php on line 176
[18-Jun-2024 05:00:55 UTC] PHP Notice:  Undefined variable: image in /home/awsstart/domains/digitalstrategists.co/public_html/themes/altum/views/index/index.php on line 176
[18-Jun-2024 05:00:55 UTC] PHP Notice:  Trying to get property 'input' of non-object in /home/awsstart/domains/digitalstrategists.co/public_html/themes/altum/views/index/index.php on line 176
[18-Jun-2024 05:00:55 UTC] PHP Notice:  Undefined variable: image in /home/awsstart/domains/digitalstrategists.co/public_html/themes/altum/views/index/index.php on line 176
[18-Jun-2024 05:00:55 UTC] PHP Notice:  Trying to get property 'input' of non-object in /home/awsstart/domains/digitalstrategists.co/public_html/themes/altum/views/index/index.php on line 176
[18-Jun-2024 05:00:55 UTC] PHP Notice:  Undefined variable: image in /home/awsstart/domains/digitalstrategists.co/public_html/themes/altum/views/index/index.php on line 176
[18-Jun-2024 05:00:55 UTC] PHP Notice:  Trying to get property 'input' of non-object in /home/awsstart/domains/digitalstrategists.co/public_html/themes/altum/views/index/index.php on line 176
[18-Jun-2024 05:00:55 UTC] PHP Notice:  Undefined variable: image in /home/awsstart/domains/digitalstrategists.co/public_html/themes/altum/views/index/index.php on line 176
[18-Jun-2024 05:00:55 UTC] PHP Notice:  Trying to get property 'input' of non-object in /home/awsstart/domains/digitalstrategists.co/public_html/themes/altum/views/index/index.php on line 176
[18-Jun-2024 05:00:55 UTC] PHP Notice:  Undefined variable: image in /home/awsstart/domains/digitalstrategists.co/public_html/themes/altum/views/index/index.php on line 176
[18-Jun-2024 05:00:55 UTC] PHP Notice:  Trying to get property 'input' of non-object in /home/awsstart/domains/digitalstrategists.co/public_html/themes/altum/views/index/index.php on line 176
[18-Jun-2024 05:00:55 UTC] PHP Notice:  Undefined variable: image in /home/awsstart/domains/digitalstrategists.co/public_html/themes/altum/views/index/index.php on line 176
[18-Jun-2024 05:00:55 UTC] PHP Notice:  Trying to get property 'input' of non-object in /home/awsstart/domains/digitalstrategists.co/public_html/themes/altum/views/index/index.php on line 176
[18-Jun-2024 05:00:55 UTC] PHP Notice:  Undefined variable: image in /home/awsstart/domains/digitalstrategists.co/public_html/themes/altum/views/index/index.php on line 176
[18-Jun-2024 05:00:55 UTC] PHP Notice:  Trying to get property 'input' of non-object in /home/awsstart/domains/digitalstrategists.co/public_html/themes/altum/views/index/index.php on line 176
[18-Jun-2024 05:00:55 UTC] PHP Notice:  Undefined variable: image in /home/awsstart/domains/digitalstrategists.co/public_html/themes/altum/views/index/index.php on line 176
[18-Jun-2024 05:00:55 UTC] PHP Notice:  Trying to get property 'input' of non-object in /home/awsstart/domains/digitalstrategists.co/public_html/themes/altum/views/index/index.php on line 176
[18-Jun-2024 05:00:55 UTC] PHP Notice:  Undefined variable: image in /home/awsstart/domains/digitalstrategists.co/public_html/themes/altum/views/index/index.php on line 176
[18-Jun-2024 05:00:55 UTC] PHP Notice:  Trying to get property 'input' of non-object in /home/awsstart/domains/digitalstrategists.co/public_html/themes/altum/views/index/index.php on line 176
[18-Jun-2024 05:00:55 UTC] PHP Notice:  Undefined variable: image in /home/awsstart/domains/digitalstrategists.co/public_html/themes/altum/views/index/index.php on line 176
[18-Jun-2024 05:00:55 UTC] PHP Notice:  Trying to get property 'input' of non-object in /home/awsstart/domains/digitalstrategists.co/public_html/themes/altum/views/index/index.php on line 176
[18-Jun-2024 05:00:55 UTC] PHP Notice:  Undefined variable: image in /home/awsstart/domains/digitalstrategists.co/public_html/themes/altum/views/index/index.php on line 176
[18-Jun-2024 05:00:55 UTC] PHP Notice:  Trying to get property 'input' of non-object in /home/awsstart/domains/digitalstrategists.co/public_html/themes/altum/views/index/index.php on line 176
[18-Jun-2024 05:00:55 UTC] PHP Notice:  Undefined variable: image in /home/awsstart/domains/digitalstrategists.co/public_html/themes/altum/views/index/index.php on line 176
[18-Jun-2024 05:00:55 UTC] PHP Notice:  Trying to get property 'input' of non-object in /home/awsstart/domains/digitalstrategists.co/public_html/themes/altum/views/index/index.php on line 176
[18-Jun-2024 05:00:55 UTC] PHP Notice:  Undefined variable: image in /home/awsstart/domains/digitalstrategists.co/public_html/themes/altum/views/index/index.php on line 176
[18-Jun-2024 05:00:55 UTC] PHP Notice:  Trying to get property 'input' of non-object in /home/awsstart/domains/digitalstrategists.co/public_html/themes/altum/views/index/index.php on line 176
[18-Jun-2024 05:00:55 UTC] PHP Notice:  Undefined variable: image in /home/awsstart/domains/digitalstrategists.co/public_html/themes/altum/views/index/index.php on line 176
[18-Jun-2024 05:00:55 UTC] PHP Notice:  Trying to get property 'input' of non-object in /home/awsstart/domains/digitalstrategists.co/public_html/themes/altum/views/index/index.php on line 176
[18-Jun-2024 05:00:55 UTC] PHP Notice:  Undefined variable: image in /home/awsstart/domains/digitalstrategists.co/public_html/themes/altum/views/index/index.php on line 176
[18-Jun-2024 05:00:55 UTC] PHP Notice:  Trying to get property 'input' of non-object in /home/awsstart/domains/digitalstrategists.co/public_html/themes/altum/views/index/index.php on line 176
[18-Jun-2024 05:00:55 UTC] PHP Notice:  Undefined variable: image in /home/awsstart/domains/digitalstrategists.co/public_html/themes/altum/views/index/index.php on line 176
[18-Jun-2024 05:00:55 UTC] PHP Notice:  Trying to get property 'input' of non-object in /home/awsstart/domains/digitalstrategists.co/public_html/themes/altum/views/index/index.php on line 176
[18-Jun-2024 05:00:55 UTC] PHP Notice:  Undefined variable: image in /home/awsstart/domains/digitalstrategists.co/public_html/themes/altum/views/index/index.php on line 176
[18-Jun-2024 05:00:55 UTC] PHP Notice:  Trying to get property 'input' of non-object in /home/awsstart/domains/digitalstrategists.co/public_html/themes/altum/views/index/index.php on line 176
[18-Jun-2024 05:00:55 UTC] PHP Notice:  Undefined variable: image in /home/awsstart/domains/digitalstrategists.co/public_html/themes/altum/views/index/index.php on line 176
[18-Jun-2024 05:00:55 UTC] PHP Notice:  Trying to get property 'input' of non-object in /home/awsstart/domains/digitalstrategists.co/public_html/themes/altum/views/index/index.php on line 176
[18-Jun-2024 05:00:55 UTC] PHP Notice:  Undefined variable: image in /home/awsstart/domains/digitalstrategists.co/public_html/themes/altum/views/index/index.php on line 176
[18-Jun-2024 05:00:55 UTC] PHP Notice:  Trying to get property 'input' of non-object in /home/awsstart/domains/digitalstrategists.co/public_html/themes/altum/views/index/index.php on line 176
[18-Jun-2024 05:00:55 UTC] PHP Notice:  Undefined variable: image in /home/awsstart/domains/digitalstrategists.co/public_html/themes/altum/views/index/index.php on line 176
[18-Jun-2024 05:00:55 UTC] PHP Notice:  Trying to get property 'input' of non-object in /home/awsstart/domains/digitalstrategists.co/public_html/themes/altum/views/index/index.php on line 176
[18-Jun-2024 05:00:55 UTC] PHP Notice:  Undefined variable: image in /home/awsstart/domains/digitalstrategists.co/public_html/themes/altum/views/index/index.php on line 176
[18-Jun-2024 05:00:55 UTC] PHP Notice:  Trying to get property 'input' of non-object in /home/awsstart/domains/digitalstrategists.co/public_html/themes/altum/views/index/index.php on line 176
[18-Jun-2024 05:00:55 UTC] PHP Notice:  Undefined variable: image in /home/awsstart/domains/digitalstrategists.co/public_html/themes/altum/views/index/index.php on line 176
[18-Jun-2024 05:00:55 UTC] PHP Notice:  Trying to get property 'input' of non-object in /home/awsstart/domains/digitalstrategists.co/public_html/themes/altum/views/index/index.php on line 176
[18-Jun-2024 05:00:55 UTC] PHP Notice:  Undefined variable: image in /home/awsstart/domains/digitalstrategists.co/public_html/themes/altum/views/index/index.php on line 176
[18-Jun-2024 05:00:55 UTC] PHP Notice:  Trying to get property 'input' of non-object in /home/awsstart/domains/digitalstrategists.co/public_html/themes/altum/views/index/index.php on line 176
[18-Jun-2024 05:00:55 UTC] PHP Notice:  Undefined variable: image in /home/awsstart/domains/digitalstrategists.co/public_html/themes/altum/views/index/index.php on line 176
[18-Jun-2024 05:00:55 UTC] PHP Notice:  Trying to get property 'input' of non-object in /home/awsstart/domains/digitalstrategists.co/public_html/themes/altum/views/index/index.php on line 176
[18-Jun-2024 05:00:55 UTC] PHP Notice:  Undefined variable: image in /home/awsstart/domains/digitalstrategists.co/public_html/themes/altum/views/index/index.php on line 176
[18-Jun-2024 05:00:55 UTC] PHP Notice:  Trying to get property 'input' of non-object in /home/awsstart/domains/digitalstrategists.co/public_html/themes/altum/views/index/index.php on line 176
[18-Jun-2024 05:00:55 UTC] PHP Notice:  Undefined variable: image in /home/awsstart/domains/digitalstrategists.co/public_html/themes/altum/views/index/index.php on line 176
[18-Jun-2024 05:00:55 UTC] PHP Notice:  Trying to get property 'input' of non-object in /home/awsstart/domains/digitalstrategists.co/public_html/themes/altum/views/index/index.php on line 176
[18-Jun-2024 05:00:55 UTC] PHP Notice:  Undefined variable: image in /home/awsstart/domains/digitalstrategists.co/public_html/themes/altum/views/index/index.php on line 176
[18-Jun-2024 05:00:55 UTC] PHP Notice:  Trying to get property 'input' of non-object in /home/awsstart/domains/digitalstrategists.co/public_html/themes/altum/views/index/index.php on line 176
[18-Jun-2024 05:00:55 UTC] PHP Notice:  Undefined property: stdClass::$dark_ltr_is_enabled in /home/awsstart/domains/digitalstrategists.co/public_html/themes/altum/views/partials/theme_style_js.php on line 19
[18-Jun-2024 05:00:55 UTC] PHP Notice:  Undefined property: stdClass::$light_ltr_is_enabled in /home/awsstart/domains/digitalstrategists.co/public_html/themes/altum/views/partials/theme_style_js.php on line 24
[18-Jun-2024 05:00:55 UTC] PHP Notice:  Undefined property: stdClass::$dark_ltr_is_enabled in /home/awsstart/domains/digitalstrategists.co/public_html/app/core/ThemeStyle.php on line 35
[18-Jun-2024 05:00:55 UTC] PHP Notice:  Undefined property: stdClass::$ad_blocker_detector_is_enabled in /home/awsstart/domains/digitalstrategists.co/public_html/themes/altum/views/partials/ad_blocker_detector.php on line 3
[18-Jun-2024 05:12:41 UTC] PHP Notice:  Undefined variable: value in /home/awsstart/domains/digitalstrategists.co/public_html/themes/altum/views/index/index.php on line 7
[18-Jun-2024 05:12:41 UTC] PHP Notice:  Undefined variable: image in /home/awsstart/domains/digitalstrategists.co/public_html/themes/altum/views/index/index.php on line 176
[18-Jun-2024 05:12:41 UTC] PHP Notice:  Trying to get property 'input' of non-object in /home/awsstart/domains/digitalstrategists.co/public_html/themes/altum/views/index/index.php on line 176
[18-Jun-2024 05:12:41 UTC] PHP Notice:  Undefined variable: image in /home/awsstart/domains/digitalstrategists.co/public_html/themes/altum/views/index/index.php on line 176
[18-Jun-2024 05:12:41 UTC] PHP Notice:  Trying to get property 'input' of non-object in /home/awsstart/domains/digitalstrategists.co/public_html/themes/altum/views/index/index.php on line 176
[18-Jun-2024 05:12:41 UTC] PHP Notice:  Undefined variable: image in /home/awsstart/domains/digitalstrategists.co/public_html/themes/altum/views/index/index.php on line 176
[18-Jun-2024 05:12:41 UTC] PHP Notice:  Trying to get property 'input' of non-object in /home/awsstart/domains/digitalstrategists.co/public_html/themes/altum/views/index/index.php on line 176
[18-Jun-2024 05:12:41 UTC] PHP Notice:  Undefined variable: image in /home/awsstart/domains/digitalstrategists.co/public_html/themes/altum/views/index/index.php on line 176
[18-Jun-2024 05:12:41 UTC] PHP Notice:  Trying to get property 'input' of non-object in /home/awsstart/domains/digitalstrategists.co/public_html/themes/altum/views/index/index.php on line 176
[18-Jun-2024 05:12:41 UTC] PHP Notice:  Undefined variable: image in /home/awsstart/domains/digitalstrategists.co/public_html/themes/altum/views/index/index.php on line 176
[18-Jun-2024 05:12:41 UTC] PHP Notice:  Trying to get property 'input' of non-object in /home/awsstart/domains/digitalstrategists.co/public_html/themes/altum/views/index/index.php on line 176
[18-Jun-2024 05:12:41 UTC] PHP Notice:  Undefined variable: image in /home/awsstart/domains/digitalstrategists.co/public_html/themes/altum/views/index/index.php on line 176
[18-Jun-2024 05:12:41 UTC] PHP Notice:  Trying to get property 'input' of non-object in /home/awsstart/domains/digitalstrategists.co/public_html/themes/altum/views/index/index.php on line 176
[18-Jun-2024 05:12:41 UTC] PHP Notice:  Undefined variable: image in /home/awsstart/domains/digitalstrategists.co/public_html/themes/altum/views/index/index.php on line 176
[18-Jun-2024 05:12:41 UTC] PHP Notice:  Trying to get property 'input' of non-object in /home/awsstart/domains/digitalstrategists.co/public_html/themes/altum/views/index/index.php on line 176
[18-Jun-2024 05:12:41 UTC] PHP Notice:  Undefined variable: image in /home/awsstart/domains/digitalstrategists.co/public_html/themes/altum/views/index/index.php on line 176
[18-Jun-2024 05:12:41 UTC] PHP Notice:  Trying to get property 'input' of non-object in /home/awsstart/domains/digitalstrategists.co/public_html/themes/altum/views/index/index.php on line 176
[18-Jun-2024 05:12:41 UTC] PHP Notice:  Undefined variable: image in /home/awsstart/domains/digitalstrategists.co/public_html/themes/altum/views/index/index.php on line 176
[18-Jun-2024 05:12:41 UTC] PHP Notice:  Trying to get property 'input' of non-object in /home/awsstart/domains/digitalstrategists.co/public_html/themes/altum/views/index/index.php on line 176
[18-Jun-2024 05:12:41 UTC] PHP Notice:  Undefined variable: image in /home/awsstart/domains/digitalstrategists.co/public_html/themes/altum/views/index/index.php on line 176
[18-Jun-2024 05:12:41 UTC] PHP Notice:  Trying to get property 'input' of non-object in /home/awsstart/domains/digitalstrategists.co/public_html/themes/altum/views/index/index.php on line 176
[18-Jun-2024 05:12:41 UTC] PHP Notice:  Undefined variable: image in /home/awsstart/domains/digitalstrategists.co/public_html/themes/altum/views/index/index.php on line 176
[18-Jun-2024 05:12:41 UTC] PHP Notice:  Trying to get property 'input' of non-object in /home/awsstart/domains/digitalstrategists.co/public_html/themes/altum/views/index/index.php on line 176
[18-Jun-2024 05:12:41 UTC] PHP Notice:  Undefined variable: image in /home/awsstart/domains/digitalstrategists.co/public_html/themes/altum/views/index/index.php on line 176
[18-Jun-2024 05:12:41 UTC] PHP Notice:  Trying to get property 'input' of non-object in /home/awsstart/domains/digitalstrategists.co/public_html/themes/altum/views/index/index.php on line 176
[18-Jun-2024 05:12:41 UTC] PHP Notice:  Undefined variable: image in /home/awsstart/domains/digitalstrategists.co/public_html/themes/altum/views/index/index.php on line 176
[18-Jun-2024 05:12:41 UTC] PHP Notice:  Trying to get property 'input' of non-object in /home/awsstart/domains/digitalstrategists.co/public_html/themes/altum/views/index/index.php on line 176
[18-Jun-2024 05:12:41 UTC] PHP Notice:  Undefined variable: image in /home/awsstart/domains/digitalstrategists.co/public_html/themes/altum/views/index/index.php on line 176
[18-Jun-2024 05:12:41 UTC] PHP Notice:  Trying to get property 'input' of non-object in /home/awsstart/domains/digitalstrategists.co/public_html/themes/altum/views/index/index.php on line 176
[18-Jun-2024 05:12:41 UTC] PHP Notice:  Undefined variable: image in /home/awsstart/domains/digitalstrategists.co/public_html/themes/altum/views/index/index.php on line 176
[18-Jun-2024 05:12:41 UTC] PHP Notice:  Trying to get property 'input' of non-object in /home/awsstart/domains/digitalstrategists.co/public_html/themes/altum/views/index/index.php on line 176
[18-Jun-2024 05:12:41 UTC] PHP Notice:  Undefined variable: image in /home/awsstart/domains/digitalstrategists.co/public_html/themes/altum/views/index/index.php on line 176
[18-Jun-2024 05:12:41 UTC] PHP Notice:  Trying to get property 'input' of non-object in /home/awsstart/domains/digitalstrategists.co/public_html/themes/altum/views/index/index.php on line 176
[18-Jun-2024 05:12:41 UTC] PHP Notice:  Undefined variable: image in /home/awsstart/domains/digitalstrategists.co/public_html/themes/altum/views/index/index.php on line 176
[18-Jun-2024 05:12:41 UTC] PHP Notice:  Trying to get property 'input' of non-object in /home/awsstart/domains/digitalstrategists.co/public_html/themes/altum/views/index/index.php on line 176
[18-Jun-2024 05:12:41 UTC] PHP Notice:  Undefined variable: image in /home/awsstart/domains/digitalstrategists.co/public_html/themes/altum/views/index/index.php on line 176
[18-Jun-2024 05:12:41 UTC] PHP Notice:  Trying to get property 'input' of non-object in /home/awsstart/domains/digitalstrategists.co/public_html/themes/altum/views/index/index.php on line 176
[18-Jun-2024 05:12:41 UTC] PHP Notice:  Undefined variable: image in /home/awsstart/domains/digitalstrategists.co/public_html/themes/altum/views/index/index.php on line 176
[18-Jun-2024 05:12:41 UTC] PHP Notice:  Trying to get property 'input' of non-object in /home/awsstart/domains/digitalstrategists.co/public_html/themes/altum/views/index/index.php on line 176
[18-Jun-2024 05:12:41 UTC] PHP Notice:  Undefined variable: image in /home/awsstart/domains/digitalstrategists.co/public_html/themes/altum/views/index/index.php on line 176
[18-Jun-2024 05:12:41 UTC] PHP Notice:  Trying to get property 'input' of non-object in /home/awsstart/domains/digitalstrategists.co/public_html/themes/altum/views/index/index.php on line 176
[18-Jun-2024 05:12:41 UTC] PHP Notice:  Undefined variable: image in /home/awsstart/domains/digitalstrategists.co/public_html/themes/altum/views/index/index.php on line 176
[18-Jun-2024 05:12:41 UTC] PHP Notice:  Trying to get property 'input' of non-object in /home/awsstart/domains/digitalstrategists.co/public_html/themes/altum/views/index/index.php on line 176
[18-Jun-2024 05:12:41 UTC] PHP Notice:  Undefined variable: image in /home/awsstart/domains/digitalstrategists.co/public_html/themes/altum/views/index/index.php on line 176
[18-Jun-2024 05:12:41 UTC] PHP Notice:  Trying to get property 'input' of non-object in /home/awsstart/domains/digitalstrategists.co/public_html/themes/altum/views/index/index.php on line 176
[18-Jun-2024 05:12:41 UTC] PHP Notice:  Undefined variable: image in /home/awsstart/domains/digitalstrategists.co/public_html/themes/altum/views/index/index.php on line 176
[18-Jun-2024 05:12:41 UTC] PHP Notice:  Trying to get property 'input' of non-object in /home/awsstart/domains/digitalstrategists.co/public_html/themes/altum/views/index/index.php on line 176
[18-Jun-2024 05:12:41 UTC] PHP Notice:  Undefined variable: image in /home/awsstart/domains/digitalstrategists.co/public_html/themes/altum/views/index/index.php on line 176
[18-Jun-2024 05:12:41 UTC] PHP Notice:  Trying to get property 'input' of non-object in /home/awsstart/domains/digitalstrategists.co/public_html/themes/altum/views/index/index.php on line 176
[18-Jun-2024 05:12:41 UTC] PHP Notice:  Undefined variable: image in /home/awsstart/domains/digitalstrategists.co/public_html/themes/altum/views/index/index.php on line 176
[18-Jun-2024 05:12:41 UTC] PHP Notice:  Trying to get property 'input' of non-object in /home/awsstart/domains/digitalstrategists.co/public_html/themes/altum/views/index/index.php on line 176
[18-Jun-2024 05:12:41 UTC] PHP Notice:  Undefined variable: image in /home/awsstart/domains/digitalstrategists.co/public_html/themes/altum/views/index/index.php on line 176
[18-Jun-2024 05:12:41 UTC] PHP Notice:  Trying to get property 'input' of non-object in /home/awsstart/domains/digitalstrategists.co/public_html/themes/altum/views/index/index.php on line 176
[18-Jun-2024 05:12:41 UTC] PHP Notice:  Undefined variable: image in /home/awsstart/domains/digitalstrategists.co/public_html/themes/altum/views/index/index.php on line 176
[18-Jun-2024 05:12:41 UTC] PHP Notice:  Trying to get property 'input' of non-object in /home/awsstart/domains/digitalstrategists.co/public_html/themes/altum/views/index/index.php on line 176
[18-Jun-2024 05:12:41 UTC] PHP Notice:  Undefined variable: image in /home/awsstart/domains/digitalstrategists.co/public_html/themes/altum/views/index/index.php on line 176
[18-Jun-2024 05:12:41 UTC] PHP Notice:  Trying to get property 'input' of non-object in /home/awsstart/domains/digitalstrategists.co/public_html/themes/altum/views/index/index.php on line 176
[18-Jun-2024 05:12:41 UTC] PHP Notice:  Undefined variable: image in /home/awsstart/domains/digitalstrategists.co/public_html/themes/altum/views/index/index.php on line 176
[18-Jun-2024 05:12:41 UTC] PHP Notice:  Trying to get property 'input' of non-object in /home/awsstart/domains/digitalstrategists.co/public_html/themes/altum/views/index/index.php on line 176
[18-Jun-2024 05:12:41 UTC] PHP Notice:  Undefined variable: image in /home/awsstart/domains/digitalstrategists.co/public_html/themes/altum/views/index/index.php on line 176
[18-Jun-2024 05:12:41 UTC] PHP Notice:  Trying to get property 'input' of non-object in /home/awsstart/domains/digitalstrategists.co/public_html/themes/altum/views/index/index.php on line 176
[18-Jun-2024 05:12:41 UTC] PHP Notice:  Undefined variable: image in /home/awsstart/domains/digitalstrategists.co/public_html/themes/altum/views/index/index.php on line 176
[18-Jun-2024 05:12:41 UTC] PHP Notice:  Trying to get property 'input' of non-object in /home/awsstart/domains/digitalstrategists.co/public_html/themes/altum/views/index/index.php on line 176
[18-Jun-2024 05:12:41 UTC] PHP Notice:  Undefined variable: image in /home/awsstart/domains/digitalstrategists.co/public_html/themes/altum/views/index/index.php on line 176
[18-Jun-2024 05:12:41 UTC] PHP Notice:  Trying to get property 'input' of non-object in /home/awsstart/domains/digitalstrategists.co/public_html/themes/altum/views/index/index.php on line 176
[18-Jun-2024 05:12:41 UTC] PHP Notice:  Undefined property: stdClass::$dark_ltr_is_enabled in /home/awsstart/domains/digitalstrategists.co/public_html/themes/altum/views/partials/theme_style_js.php on line 19
[18-Jun-2024 05:12:41 UTC] PHP Notice:  Undefined property: stdClass::$light_ltr_is_enabled in /home/awsstart/domains/digitalstrategists.co/public_html/themes/altum/views/partials/theme_style_js.php on line 24
[18-Jun-2024 05:12:41 UTC] PHP Notice:  Undefined property: stdClass::$dark_ltr_is_enabled in /home/awsstart/domains/digitalstrategists.co/public_html/app/core/ThemeStyle.php on line 35
[18-Jun-2024 05:12:41 UTC] PHP Notice:  Undefined property: stdClass::$ad_blocker_detector_is_enabled in /home/awsstart/domains/digitalstrategists.co/public_html/themes/altum/views/partials/ad_blocker_detector.php on line 3
