[09-Jun-2024 05:58:03 UTC] PHP Notice:  Undefined variable: value in /home/awsstart/domains/digitalstrategists.co/public_html/themes/altum/views/index/index.php on line 7
[09-Jun-2024 05:58:03 UTC] PHP Notice:  Undefined variable: image in /home/awsstart/domains/digitalstrategists.co/public_html/themes/altum/views/index/index.php on line 176
[09-Jun-2024 05:58:03 UTC] PHP Notice:  Trying to get property 'input' of non-object in /home/awsstart/domains/digitalstrategists.co/public_html/themes/altum/views/index/index.php on line 176
[09-Jun-2024 05:58:03 UTC] PHP Notice:  Undefined variable: image in /home/awsstart/domains/digitalstrategists.co/public_html/themes/altum/views/index/index.php on line 176
[09-Jun-2024 05:58:03 UTC] PHP Notice:  Trying to get property 'input' of non-object in /home/awsstart/domains/digitalstrategists.co/public_html/themes/altum/views/index/index.php on line 176
[09-Jun-2024 05:58:03 UTC] PHP Notice:  Undefined variable: image in /home/awsstart/domains/digitalstrategists.co/public_html/themes/altum/views/index/index.php on line 176
[09-Jun-2024 05:58:03 UTC] PHP Notice:  Trying to get property 'input' of non-object in /home/awsstart/domains/digitalstrategists.co/public_html/themes/altum/views/index/index.php on line 176
[09-Jun-2024 05:58:03 UTC] PHP Notice:  Undefined variable: image in /home/awsstart/domains/digitalstrategists.co/public_html/themes/altum/views/index/index.php on line 176
[09-Jun-2024 05:58:03 UTC] PHP Notice:  Trying to get property 'input' of non-object in /home/awsstart/domains/digitalstrategists.co/public_html/themes/altum/views/index/index.php on line 176
[09-Jun-2024 05:58:03 UTC] PHP Notice:  Undefined variable: image in /home/awsstart/domains/digitalstrategists.co/public_html/themes/altum/views/index/index.php on line 176
[09-Jun-2024 05:58:03 UTC] PHP Notice:  Trying to get property 'input' of non-object in /home/awsstart/domains/digitalstrategists.co/public_html/themes/altum/views/index/index.php on line 176
[09-Jun-2024 05:58:03 UTC] PHP Notice:  Undefined variable: image in /home/awsstart/domains/digitalstrategists.co/public_html/themes/altum/views/index/index.php on line 176
[09-Jun-2024 05:58:03 UTC] PHP Notice:  Trying to get property 'input' of non-object in /home/awsstart/domains/digitalstrategists.co/public_html/themes/altum/views/index/index.php on line 176
[09-Jun-2024 05:58:03 UTC] PHP Notice:  Undefined variable: image in /home/awsstart/domains/digitalstrategists.co/public_html/themes/altum/views/index/index.php on line 176
[09-Jun-2024 05:58:03 UTC] PHP Notice:  Trying to get property 'input' of non-object in /home/awsstart/domains/digitalstrategists.co/public_html/themes/altum/views/index/index.php on line 176
[09-Jun-2024 05:58:03 UTC] PHP Notice:  Undefined variable: image in /home/awsstart/domains/digitalstrategists.co/public_html/themes/altum/views/index/index.php on line 176
[09-Jun-2024 05:58:03 UTC] PHP Notice:  Trying to get property 'input' of non-object in /home/awsstart/domains/digitalstrategists.co/public_html/themes/altum/views/index/index.php on line 176
[09-Jun-2024 05:58:03 UTC] PHP Notice:  Undefined variable: image in /home/awsstart/domains/digitalstrategists.co/public_html/themes/altum/views/index/index.php on line 176
[09-Jun-2024 05:58:03 UTC] PHP Notice:  Trying to get property 'input' of non-object in /home/awsstart/domains/digitalstrategists.co/public_html/themes/altum/views/index/index.php on line 176
[09-Jun-2024 05:58:03 UTC] PHP Notice:  Undefined variable: image in /home/awsstart/domains/digitalstrategists.co/public_html/themes/altum/views/index/index.php on line 176
[09-Jun-2024 05:58:03 UTC] PHP Notice:  Trying to get property 'input' of non-object in /home/awsstart/domains/digitalstrategists.co/public_html/themes/altum/views/index/index.php on line 176
[09-Jun-2024 05:58:03 UTC] PHP Notice:  Undefined variable: image in /home/awsstart/domains/digitalstrategists.co/public_html/themes/altum/views/index/index.php on line 176
[09-Jun-2024 05:58:03 UTC] PHP Notice:  Trying to get property 'input' of non-object in /home/awsstart/domains/digitalstrategists.co/public_html/themes/altum/views/index/index.php on line 176
[09-Jun-2024 05:58:03 UTC] PHP Notice:  Undefined variable: image in /home/awsstart/domains/digitalstrategists.co/public_html/themes/altum/views/index/index.php on line 176
[09-Jun-2024 05:58:03 UTC] PHP Notice:  Trying to get property 'input' of non-object in /home/awsstart/domains/digitalstrategists.co/public_html/themes/altum/views/index/index.php on line 176
[09-Jun-2024 05:58:03 UTC] PHP Notice:  Undefined variable: image in /home/awsstart/domains/digitalstrategists.co/public_html/themes/altum/views/index/index.php on line 176
[09-Jun-2024 05:58:03 UTC] PHP Notice:  Trying to get property 'input' of non-object in /home/awsstart/domains/digitalstrategists.co/public_html/themes/altum/views/index/index.php on line 176
[09-Jun-2024 05:58:03 UTC] PHP Notice:  Undefined variable: image in /home/awsstart/domains/digitalstrategists.co/public_html/themes/altum/views/index/index.php on line 176
[09-Jun-2024 05:58:03 UTC] PHP Notice:  Trying to get property 'input' of non-object in /home/awsstart/domains/digitalstrategists.co/public_html/themes/altum/views/index/index.php on line 176
[09-Jun-2024 05:58:03 UTC] PHP Notice:  Undefined variable: image in /home/awsstart/domains/digitalstrategists.co/public_html/themes/altum/views/index/index.php on line 176
[09-Jun-2024 05:58:03 UTC] PHP Notice:  Trying to get property 'input' of non-object in /home/awsstart/domains/digitalstrategists.co/public_html/themes/altum/views/index/index.php on line 176
[09-Jun-2024 05:58:03 UTC] PHP Notice:  Undefined variable: image in /home/awsstart/domains/digitalstrategists.co/public_html/themes/altum/views/index/index.php on line 176
[09-Jun-2024 05:58:03 UTC] PHP Notice:  Trying to get property 'input' of non-object in /home/awsstart/domains/digitalstrategists.co/public_html/themes/altum/views/index/index.php on line 176
[09-Jun-2024 05:58:03 UTC] PHP Notice:  Undefined variable: image in /home/awsstart/domains/digitalstrategists.co/public_html/themes/altum/views/index/index.php on line 176
[09-Jun-2024 05:58:03 UTC] PHP Notice:  Trying to get property 'input' of non-object in /home/awsstart/domains/digitalstrategists.co/public_html/themes/altum/views/index/index.php on line 176
[09-Jun-2024 05:58:03 UTC] PHP Notice:  Undefined variable: image in /home/awsstart/domains/digitalstrategists.co/public_html/themes/altum/views/index/index.php on line 176
[09-Jun-2024 05:58:03 UTC] PHP Notice:  Trying to get property 'input' of non-object in /home/awsstart/domains/digitalstrategists.co/public_html/themes/altum/views/index/index.php on line 176
[09-Jun-2024 05:58:03 UTC] PHP Notice:  Undefined variable: image in /home/awsstart/domains/digitalstrategists.co/public_html/themes/altum/views/index/index.php on line 176
[09-Jun-2024 05:58:03 UTC] PHP Notice:  Trying to get property 'input' of non-object in /home/awsstart/domains/digitalstrategists.co/public_html/themes/altum/views/index/index.php on line 176
[09-Jun-2024 05:58:03 UTC] PHP Notice:  Undefined variable: image in /home/awsstart/domains/digitalstrategists.co/public_html/themes/altum/views/index/index.php on line 176
[09-Jun-2024 05:58:03 UTC] PHP Notice:  Trying to get property 'input' of non-object in /home/awsstart/domains/digitalstrategists.co/public_html/themes/altum/views/index/index.php on line 176
[09-Jun-2024 05:58:03 UTC] PHP Notice:  Undefined variable: image in /home/awsstart/domains/digitalstrategists.co/public_html/themes/altum/views/index/index.php on line 176
[09-Jun-2024 05:58:03 UTC] PHP Notice:  Trying to get property 'input' of non-object in /home/awsstart/domains/digitalstrategists.co/public_html/themes/altum/views/index/index.php on line 176
[09-Jun-2024 05:58:03 UTC] PHP Notice:  Undefined variable: image in /home/awsstart/domains/digitalstrategists.co/public_html/themes/altum/views/index/index.php on line 176
[09-Jun-2024 05:58:03 UTC] PHP Notice:  Trying to get property 'input' of non-object in /home/awsstart/domains/digitalstrategists.co/public_html/themes/altum/views/index/index.php on line 176
[09-Jun-2024 05:58:03 UTC] PHP Notice:  Undefined variable: image in /home/awsstart/domains/digitalstrategists.co/public_html/themes/altum/views/index/index.php on line 176
[09-Jun-2024 05:58:03 UTC] PHP Notice:  Trying to get property 'input' of non-object in /home/awsstart/domains/digitalstrategists.co/public_html/themes/altum/views/index/index.php on line 176
[09-Jun-2024 05:58:03 UTC] PHP Notice:  Undefined variable: image in /home/awsstart/domains/digitalstrategists.co/public_html/themes/altum/views/index/index.php on line 176
[09-Jun-2024 05:58:03 UTC] PHP Notice:  Trying to get property 'input' of non-object in /home/awsstart/domains/digitalstrategists.co/public_html/themes/altum/views/index/index.php on line 176
[09-Jun-2024 05:58:03 UTC] PHP Notice:  Undefined variable: image in /home/awsstart/domains/digitalstrategists.co/public_html/themes/altum/views/index/index.php on line 176
[09-Jun-2024 05:58:03 UTC] PHP Notice:  Trying to get property 'input' of non-object in /home/awsstart/domains/digitalstrategists.co/public_html/themes/altum/views/index/index.php on line 176
[09-Jun-2024 05:58:03 UTC] PHP Notice:  Undefined variable: image in /home/awsstart/domains/digitalstrategists.co/public_html/themes/altum/views/index/index.php on line 176
[09-Jun-2024 05:58:03 UTC] PHP Notice:  Trying to get property 'input' of non-object in /home/awsstart/domains/digitalstrategists.co/public_html/themes/altum/views/index/index.php on line 176
[09-Jun-2024 05:58:03 UTC] PHP Notice:  Undefined variable: image in /home/awsstart/domains/digitalstrategists.co/public_html/themes/altum/views/index/index.php on line 176
[09-Jun-2024 05:58:03 UTC] PHP Notice:  Trying to get property 'input' of non-object in /home/awsstart/domains/digitalstrategists.co/public_html/themes/altum/views/index/index.php on line 176
[09-Jun-2024 05:58:03 UTC] PHP Notice:  Undefined variable: image in /home/awsstart/domains/digitalstrategists.co/public_html/themes/altum/views/index/index.php on line 176
[09-Jun-2024 05:58:03 UTC] PHP Notice:  Trying to get property 'input' of non-object in /home/awsstart/domains/digitalstrategists.co/public_html/themes/altum/views/index/index.php on line 176
[09-Jun-2024 05:58:03 UTC] PHP Notice:  Undefined variable: image in /home/awsstart/domains/digitalstrategists.co/public_html/themes/altum/views/index/index.php on line 176
[09-Jun-2024 05:58:03 UTC] PHP Notice:  Trying to get property 'input' of non-object in /home/awsstart/domains/digitalstrategists.co/public_html/themes/altum/views/index/index.php on line 176
[09-Jun-2024 05:58:03 UTC] PHP Notice:  Undefined variable: image in /home/awsstart/domains/digitalstrategists.co/public_html/themes/altum/views/index/index.php on line 176
[09-Jun-2024 05:58:03 UTC] PHP Notice:  Trying to get property 'input' of non-object in /home/awsstart/domains/digitalstrategists.co/public_html/themes/altum/views/index/index.php on line 176
[09-Jun-2024 05:58:03 UTC] PHP Notice:  Undefined variable: image in /home/awsstart/domains/digitalstrategists.co/public_html/themes/altum/views/index/index.php on line 176
[09-Jun-2024 05:58:03 UTC] PHP Notice:  Trying to get property 'input' of non-object in /home/awsstart/domains/digitalstrategists.co/public_html/themes/altum/views/index/index.php on line 176
[09-Jun-2024 05:58:03 UTC] PHP Notice:  Undefined variable: image in /home/awsstart/domains/digitalstrategists.co/public_html/themes/altum/views/index/index.php on line 176
[09-Jun-2024 05:58:03 UTC] PHP Notice:  Trying to get property 'input' of non-object in /home/awsstart/domains/digitalstrategists.co/public_html/themes/altum/views/index/index.php on line 176
[09-Jun-2024 05:58:03 UTC] PHP Notice:  Undefined variable: image in /home/awsstart/domains/digitalstrategists.co/public_html/themes/altum/views/index/index.php on line 176
[09-Jun-2024 05:58:03 UTC] PHP Notice:  Trying to get property 'input' of non-object in /home/awsstart/domains/digitalstrategists.co/public_html/themes/altum/views/index/index.php on line 176
[09-Jun-2024 05:58:03 UTC] PHP Notice:  Undefined variable: image in /home/awsstart/domains/digitalstrategists.co/public_html/themes/altum/views/index/index.php on line 176
[09-Jun-2024 05:58:03 UTC] PHP Notice:  Trying to get property 'input' of non-object in /home/awsstart/domains/digitalstrategists.co/public_html/themes/altum/views/index/index.php on line 176
[09-Jun-2024 05:58:03 UTC] PHP Notice:  Undefined variable: image in /home/awsstart/domains/digitalstrategists.co/public_html/themes/altum/views/index/index.php on line 176
[09-Jun-2024 05:58:03 UTC] PHP Notice:  Trying to get property 'input' of non-object in /home/awsstart/domains/digitalstrategists.co/public_html/themes/altum/views/index/index.php on line 176
[09-Jun-2024 05:58:03 UTC] PHP Notice:  Undefined variable: image in /home/awsstart/domains/digitalstrategists.co/public_html/themes/altum/views/index/index.php on line 176
[09-Jun-2024 05:58:03 UTC] PHP Notice:  Trying to get property 'input' of non-object in /home/awsstart/domains/digitalstrategists.co/public_html/themes/altum/views/index/index.php on line 176
[09-Jun-2024 05:58:03 UTC] PHP Notice:  Undefined property: stdClass::$dark_ltr_is_enabled in /home/awsstart/domains/digitalstrategists.co/public_html/themes/altum/views/partials/theme_style_js.php on line 19
[09-Jun-2024 05:58:03 UTC] PHP Notice:  Undefined property: stdClass::$light_ltr_is_enabled in /home/awsstart/domains/digitalstrategists.co/public_html/themes/altum/views/partials/theme_style_js.php on line 24
[09-Jun-2024 05:58:03 UTC] PHP Notice:  Undefined property: stdClass::$dark_ltr_is_enabled in /home/awsstart/domains/digitalstrategists.co/public_html/app/core/ThemeStyle.php on line 35
[09-Jun-2024 05:58:03 UTC] PHP Notice:  Undefined property: stdClass::$ad_blocker_detector_is_enabled in /home/awsstart/domains/digitalstrategists.co/public_html/themes/altum/views/partials/ad_blocker_detector.php on line 3
[09-Jun-2024 06:32:43 UTC] PHP Notice:  Undefined variable: value in /home/awsstart/domains/digitalstrategists.co/public_html/themes/altum/views/index/index.php on line 7
[09-Jun-2024 06:32:43 UTC] PHP Notice:  Undefined variable: image in /home/awsstart/domains/digitalstrategists.co/public_html/themes/altum/views/index/index.php on line 176
[09-Jun-2024 06:32:43 UTC] PHP Notice:  Trying to get property 'input' of non-object in /home/awsstart/domains/digitalstrategists.co/public_html/themes/altum/views/index/index.php on line 176
[09-Jun-2024 06:32:43 UTC] PHP Notice:  Undefined variable: image in /home/awsstart/domains/digitalstrategists.co/public_html/themes/altum/views/index/index.php on line 176
[09-Jun-2024 06:32:43 UTC] PHP Notice:  Trying to get property 'input' of non-object in /home/awsstart/domains/digitalstrategists.co/public_html/themes/altum/views/index/index.php on line 176
[09-Jun-2024 06:32:43 UTC] PHP Notice:  Undefined variable: image in /home/awsstart/domains/digitalstrategists.co/public_html/themes/altum/views/index/index.php on line 176
[09-Jun-2024 06:32:43 UTC] PHP Notice:  Trying to get property 'input' of non-object in /home/awsstart/domains/digitalstrategists.co/public_html/themes/altum/views/index/index.php on line 176
[09-Jun-2024 06:32:43 UTC] PHP Notice:  Undefined variable: image in /home/awsstart/domains/digitalstrategists.co/public_html/themes/altum/views/index/index.php on line 176
[09-Jun-2024 06:32:43 UTC] PHP Notice:  Trying to get property 'input' of non-object in /home/awsstart/domains/digitalstrategists.co/public_html/themes/altum/views/index/index.php on line 176
[09-Jun-2024 06:32:43 UTC] PHP Notice:  Undefined variable: image in /home/awsstart/domains/digitalstrategists.co/public_html/themes/altum/views/index/index.php on line 176
[09-Jun-2024 06:32:43 UTC] PHP Notice:  Trying to get property 'input' of non-object in /home/awsstart/domains/digitalstrategists.co/public_html/themes/altum/views/index/index.php on line 176
[09-Jun-2024 06:32:43 UTC] PHP Notice:  Undefined variable: image in /home/awsstart/domains/digitalstrategists.co/public_html/themes/altum/views/index/index.php on line 176
[09-Jun-2024 06:32:43 UTC] PHP Notice:  Trying to get property 'input' of non-object in /home/awsstart/domains/digitalstrategists.co/public_html/themes/altum/views/index/index.php on line 176
[09-Jun-2024 06:32:43 UTC] PHP Notice:  Undefined variable: image in /home/awsstart/domains/digitalstrategists.co/public_html/themes/altum/views/index/index.php on line 176
[09-Jun-2024 06:32:43 UTC] PHP Notice:  Trying to get property 'input' of non-object in /home/awsstart/domains/digitalstrategists.co/public_html/themes/altum/views/index/index.php on line 176
[09-Jun-2024 06:32:43 UTC] PHP Notice:  Undefined variable: image in /home/awsstart/domains/digitalstrategists.co/public_html/themes/altum/views/index/index.php on line 176
[09-Jun-2024 06:32:43 UTC] PHP Notice:  Trying to get property 'input' of non-object in /home/awsstart/domains/digitalstrategists.co/public_html/themes/altum/views/index/index.php on line 176
[09-Jun-2024 06:32:43 UTC] PHP Notice:  Undefined variable: image in /home/awsstart/domains/digitalstrategists.co/public_html/themes/altum/views/index/index.php on line 176
[09-Jun-2024 06:32:43 UTC] PHP Notice:  Trying to get property 'input' of non-object in /home/awsstart/domains/digitalstrategists.co/public_html/themes/altum/views/index/index.php on line 176
[09-Jun-2024 06:32:43 UTC] PHP Notice:  Undefined variable: image in /home/awsstart/domains/digitalstrategists.co/public_html/themes/altum/views/index/index.php on line 176
[09-Jun-2024 06:32:43 UTC] PHP Notice:  Trying to get property 'input' of non-object in /home/awsstart/domains/digitalstrategists.co/public_html/themes/altum/views/index/index.php on line 176
[09-Jun-2024 06:32:43 UTC] PHP Notice:  Undefined variable: image in /home/awsstart/domains/digitalstrategists.co/public_html/themes/altum/views/index/index.php on line 176
[09-Jun-2024 06:32:43 UTC] PHP Notice:  Trying to get property 'input' of non-object in /home/awsstart/domains/digitalstrategists.co/public_html/themes/altum/views/index/index.php on line 176
[09-Jun-2024 06:32:43 UTC] PHP Notice:  Undefined variable: image in /home/awsstart/domains/digitalstrategists.co/public_html/themes/altum/views/index/index.php on line 176
[09-Jun-2024 06:32:43 UTC] PHP Notice:  Trying to get property 'input' of non-object in /home/awsstart/domains/digitalstrategists.co/public_html/themes/altum/views/index/index.php on line 176
[09-Jun-2024 06:32:43 UTC] PHP Notice:  Undefined variable: image in /home/awsstart/domains/digitalstrategists.co/public_html/themes/altum/views/index/index.php on line 176
[09-Jun-2024 06:32:43 UTC] PHP Notice:  Trying to get property 'input' of non-object in /home/awsstart/domains/digitalstrategists.co/public_html/themes/altum/views/index/index.php on line 176
[09-Jun-2024 06:32:43 UTC] PHP Notice:  Undefined variable: image in /home/awsstart/domains/digitalstrategists.co/public_html/themes/altum/views/index/index.php on line 176
[09-Jun-2024 06:32:43 UTC] PHP Notice:  Trying to get property 'input' of non-object in /home/awsstart/domains/digitalstrategists.co/public_html/themes/altum/views/index/index.php on line 176
[09-Jun-2024 06:32:43 UTC] PHP Notice:  Undefined variable: image in /home/awsstart/domains/digitalstrategists.co/public_html/themes/altum/views/index/index.php on line 176
[09-Jun-2024 06:32:43 UTC] PHP Notice:  Trying to get property 'input' of non-object in /home/awsstart/domains/digitalstrategists.co/public_html/themes/altum/views/index/index.php on line 176
[09-Jun-2024 06:32:43 UTC] PHP Notice:  Undefined variable: image in /home/awsstart/domains/digitalstrategists.co/public_html/themes/altum/views/index/index.php on line 176
[09-Jun-2024 06:32:43 UTC] PHP Notice:  Trying to get property 'input' of non-object in /home/awsstart/domains/digitalstrategists.co/public_html/themes/altum/views/index/index.php on line 176
[09-Jun-2024 06:32:43 UTC] PHP Notice:  Undefined variable: image in /home/awsstart/domains/digitalstrategists.co/public_html/themes/altum/views/index/index.php on line 176
[09-Jun-2024 06:32:43 UTC] PHP Notice:  Trying to get property 'input' of non-object in /home/awsstart/domains/digitalstrategists.co/public_html/themes/altum/views/index/index.php on line 176
[09-Jun-2024 06:32:43 UTC] PHP Notice:  Undefined variable: image in /home/awsstart/domains/digitalstrategists.co/public_html/themes/altum/views/index/index.php on line 176
[09-Jun-2024 06:32:43 UTC] PHP Notice:  Trying to get property 'input' of non-object in /home/awsstart/domains/digitalstrategists.co/public_html/themes/altum/views/index/index.php on line 176
[09-Jun-2024 06:32:43 UTC] PHP Notice:  Undefined variable: image in /home/awsstart/domains/digitalstrategists.co/public_html/themes/altum/views/index/index.php on line 176
[09-Jun-2024 06:32:43 UTC] PHP Notice:  Trying to get property 'input' of non-object in /home/awsstart/domains/digitalstrategists.co/public_html/themes/altum/views/index/index.php on line 176
[09-Jun-2024 06:32:43 UTC] PHP Notice:  Undefined variable: image in /home/awsstart/domains/digitalstrategists.co/public_html/themes/altum/views/index/index.php on line 176
[09-Jun-2024 06:32:43 UTC] PHP Notice:  Trying to get property 'input' of non-object in /home/awsstart/domains/digitalstrategists.co/public_html/themes/altum/views/index/index.php on line 176
[09-Jun-2024 06:32:43 UTC] PHP Notice:  Undefined variable: image in /home/awsstart/domains/digitalstrategists.co/public_html/themes/altum/views/index/index.php on line 176
[09-Jun-2024 06:32:43 UTC] PHP Notice:  Trying to get property 'input' of non-object in /home/awsstart/domains/digitalstrategists.co/public_html/themes/altum/views/index/index.php on line 176
[09-Jun-2024 06:32:43 UTC] PHP Notice:  Undefined variable: image in /home/awsstart/domains/digitalstrategists.co/public_html/themes/altum/views/index/index.php on line 176
[09-Jun-2024 06:32:43 UTC] PHP Notice:  Trying to get property 'input' of non-object in /home/awsstart/domains/digitalstrategists.co/public_html/themes/altum/views/index/index.php on line 176
[09-Jun-2024 06:32:43 UTC] PHP Notice:  Undefined variable: image in /home/awsstart/domains/digitalstrategists.co/public_html/themes/altum/views/index/index.php on line 176
[09-Jun-2024 06:32:43 UTC] PHP Notice:  Trying to get property 'input' of non-object in /home/awsstart/domains/digitalstrategists.co/public_html/themes/altum/views/index/index.php on line 176
[09-Jun-2024 06:32:43 UTC] PHP Notice:  Undefined variable: image in /home/awsstart/domains/digitalstrategists.co/public_html/themes/altum/views/index/index.php on line 176
[09-Jun-2024 06:32:43 UTC] PHP Notice:  Trying to get property 'input' of non-object in /home/awsstart/domains/digitalstrategists.co/public_html/themes/altum/views/index/index.php on line 176
[09-Jun-2024 06:32:43 UTC] PHP Notice:  Undefined variable: image in /home/awsstart/domains/digitalstrategists.co/public_html/themes/altum/views/index/index.php on line 176
[09-Jun-2024 06:32:43 UTC] PHP Notice:  Trying to get property 'input' of non-object in /home/awsstart/domains/digitalstrategists.co/public_html/themes/altum/views/index/index.php on line 176
[09-Jun-2024 06:32:43 UTC] PHP Notice:  Undefined variable: image in /home/awsstart/domains/digitalstrategists.co/public_html/themes/altum/views/index/index.php on line 176
[09-Jun-2024 06:32:43 UTC] PHP Notice:  Trying to get property 'input' of non-object in /home/awsstart/domains/digitalstrategists.co/public_html/themes/altum/views/index/index.php on line 176
[09-Jun-2024 06:32:43 UTC] PHP Notice:  Undefined variable: image in /home/awsstart/domains/digitalstrategists.co/public_html/themes/altum/views/index/index.php on line 176
[09-Jun-2024 06:32:43 UTC] PHP Notice:  Trying to get property 'input' of non-object in /home/awsstart/domains/digitalstrategists.co/public_html/themes/altum/views/index/index.php on line 176
[09-Jun-2024 06:32:43 UTC] PHP Notice:  Undefined variable: image in /home/awsstart/domains/digitalstrategists.co/public_html/themes/altum/views/index/index.php on line 176
[09-Jun-2024 06:32:43 UTC] PHP Notice:  Trying to get property 'input' of non-object in /home/awsstart/domains/digitalstrategists.co/public_html/themes/altum/views/index/index.php on line 176
[09-Jun-2024 06:32:43 UTC] PHP Notice:  Undefined variable: image in /home/awsstart/domains/digitalstrategists.co/public_html/themes/altum/views/index/index.php on line 176
[09-Jun-2024 06:32:43 UTC] PHP Notice:  Trying to get property 'input' of non-object in /home/awsstart/domains/digitalstrategists.co/public_html/themes/altum/views/index/index.php on line 176
[09-Jun-2024 06:32:43 UTC] PHP Notice:  Undefined variable: image in /home/awsstart/domains/digitalstrategists.co/public_html/themes/altum/views/index/index.php on line 176
[09-Jun-2024 06:32:43 UTC] PHP Notice:  Trying to get property 'input' of non-object in /home/awsstart/domains/digitalstrategists.co/public_html/themes/altum/views/index/index.php on line 176
[09-Jun-2024 06:32:43 UTC] PHP Notice:  Undefined variable: image in /home/awsstart/domains/digitalstrategists.co/public_html/themes/altum/views/index/index.php on line 176
[09-Jun-2024 06:32:43 UTC] PHP Notice:  Trying to get property 'input' of non-object in /home/awsstart/domains/digitalstrategists.co/public_html/themes/altum/views/index/index.php on line 176
[09-Jun-2024 06:32:43 UTC] PHP Notice:  Undefined variable: image in /home/awsstart/domains/digitalstrategists.co/public_html/themes/altum/views/index/index.php on line 176
[09-Jun-2024 06:32:43 UTC] PHP Notice:  Trying to get property 'input' of non-object in /home/awsstart/domains/digitalstrategists.co/public_html/themes/altum/views/index/index.php on line 176
[09-Jun-2024 06:32:43 UTC] PHP Notice:  Undefined variable: image in /home/awsstart/domains/digitalstrategists.co/public_html/themes/altum/views/index/index.php on line 176
[09-Jun-2024 06:32:43 UTC] PHP Notice:  Trying to get property 'input' of non-object in /home/awsstart/domains/digitalstrategists.co/public_html/themes/altum/views/index/index.php on line 176
[09-Jun-2024 06:32:43 UTC] PHP Notice:  Undefined variable: image in /home/awsstart/domains/digitalstrategists.co/public_html/themes/altum/views/index/index.php on line 176
[09-Jun-2024 06:32:43 UTC] PHP Notice:  Trying to get property 'input' of non-object in /home/awsstart/domains/digitalstrategists.co/public_html/themes/altum/views/index/index.php on line 176
[09-Jun-2024 06:32:43 UTC] PHP Notice:  Undefined variable: image in /home/awsstart/domains/digitalstrategists.co/public_html/themes/altum/views/index/index.php on line 176
[09-Jun-2024 06:32:43 UTC] PHP Notice:  Trying to get property 'input' of non-object in /home/awsstart/domains/digitalstrategists.co/public_html/themes/altum/views/index/index.php on line 176
[09-Jun-2024 06:32:43 UTC] PHP Notice:  Undefined variable: image in /home/awsstart/domains/digitalstrategists.co/public_html/themes/altum/views/index/index.php on line 176
[09-Jun-2024 06:32:43 UTC] PHP Notice:  Trying to get property 'input' of non-object in /home/awsstart/domains/digitalstrategists.co/public_html/themes/altum/views/index/index.php on line 176
[09-Jun-2024 06:32:43 UTC] PHP Notice:  Undefined property: stdClass::$dark_ltr_is_enabled in /home/awsstart/domains/digitalstrategists.co/public_html/themes/altum/views/partials/theme_style_js.php on line 19
[09-Jun-2024 06:32:43 UTC] PHP Notice:  Undefined property: stdClass::$light_ltr_is_enabled in /home/awsstart/domains/digitalstrategists.co/public_html/themes/altum/views/partials/theme_style_js.php on line 24
[09-Jun-2024 06:32:43 UTC] PHP Notice:  Undefined property: stdClass::$dark_ltr_is_enabled in /home/awsstart/domains/digitalstrategists.co/public_html/app/core/ThemeStyle.php on line 35
[09-Jun-2024 06:32:43 UTC] PHP Notice:  Undefined property: stdClass::$ad_blocker_detector_is_enabled in /home/awsstart/domains/digitalstrategists.co/public_html/themes/altum/views/partials/ad_blocker_detector.php on line 3
[09-Jun-2024 14:11:09 UTC] PHP Notice:  Undefined variable: value in /home/awsstart/domains/digitalstrategists.co/public_html/themes/altum/views/index/index.php on line 7
[09-Jun-2024 14:11:09 UTC] PHP Notice:  Undefined variable: image in /home/awsstart/domains/digitalstrategists.co/public_html/themes/altum/views/index/index.php on line 176
[09-Jun-2024 14:11:09 UTC] PHP Notice:  Trying to get property 'input' of non-object in /home/awsstart/domains/digitalstrategists.co/public_html/themes/altum/views/index/index.php on line 176
[09-Jun-2024 14:11:09 UTC] PHP Notice:  Undefined variable: image in /home/awsstart/domains/digitalstrategists.co/public_html/themes/altum/views/index/index.php on line 176
[09-Jun-2024 14:11:09 UTC] PHP Notice:  Trying to get property 'input' of non-object in /home/awsstart/domains/digitalstrategists.co/public_html/themes/altum/views/index/index.php on line 176
[09-Jun-2024 14:11:09 UTC] PHP Notice:  Undefined variable: image in /home/awsstart/domains/digitalstrategists.co/public_html/themes/altum/views/index/index.php on line 176
[09-Jun-2024 14:11:09 UTC] PHP Notice:  Trying to get property 'input' of non-object in /home/awsstart/domains/digitalstrategists.co/public_html/themes/altum/views/index/index.php on line 176
[09-Jun-2024 14:11:09 UTC] PHP Notice:  Undefined variable: image in /home/awsstart/domains/digitalstrategists.co/public_html/themes/altum/views/index/index.php on line 176
[09-Jun-2024 14:11:09 UTC] PHP Notice:  Trying to get property 'input' of non-object in /home/awsstart/domains/digitalstrategists.co/public_html/themes/altum/views/index/index.php on line 176
[09-Jun-2024 14:11:09 UTC] PHP Notice:  Undefined variable: image in /home/awsstart/domains/digitalstrategists.co/public_html/themes/altum/views/index/index.php on line 176
[09-Jun-2024 14:11:09 UTC] PHP Notice:  Trying to get property 'input' of non-object in /home/awsstart/domains/digitalstrategists.co/public_html/themes/altum/views/index/index.php on line 176
[09-Jun-2024 14:11:09 UTC] PHP Notice:  Undefined variable: image in /home/awsstart/domains/digitalstrategists.co/public_html/themes/altum/views/index/index.php on line 176
[09-Jun-2024 14:11:09 UTC] PHP Notice:  Trying to get property 'input' of non-object in /home/awsstart/domains/digitalstrategists.co/public_html/themes/altum/views/index/index.php on line 176
[09-Jun-2024 14:11:09 UTC] PHP Notice:  Undefined variable: image in /home/awsstart/domains/digitalstrategists.co/public_html/themes/altum/views/index/index.php on line 176
[09-Jun-2024 14:11:09 UTC] PHP Notice:  Trying to get property 'input' of non-object in /home/awsstart/domains/digitalstrategists.co/public_html/themes/altum/views/index/index.php on line 176
[09-Jun-2024 14:11:09 UTC] PHP Notice:  Undefined variable: image in /home/awsstart/domains/digitalstrategists.co/public_html/themes/altum/views/index/index.php on line 176
[09-Jun-2024 14:11:09 UTC] PHP Notice:  Trying to get property 'input' of non-object in /home/awsstart/domains/digitalstrategists.co/public_html/themes/altum/views/index/index.php on line 176
[09-Jun-2024 14:11:09 UTC] PHP Notice:  Undefined variable: image in /home/awsstart/domains/digitalstrategists.co/public_html/themes/altum/views/index/index.php on line 176
[09-Jun-2024 14:11:09 UTC] PHP Notice:  Trying to get property 'input' of non-object in /home/awsstart/domains/digitalstrategists.co/public_html/themes/altum/views/index/index.php on line 176
[09-Jun-2024 14:11:09 UTC] PHP Notice:  Undefined variable: image in /home/awsstart/domains/digitalstrategists.co/public_html/themes/altum/views/index/index.php on line 176
[09-Jun-2024 14:11:09 UTC] PHP Notice:  Trying to get property 'input' of non-object in /home/awsstart/domains/digitalstrategists.co/public_html/themes/altum/views/index/index.php on line 176
[09-Jun-2024 14:11:09 UTC] PHP Notice:  Undefined variable: image in /home/awsstart/domains/digitalstrategists.co/public_html/themes/altum/views/index/index.php on line 176
[09-Jun-2024 14:11:09 UTC] PHP Notice:  Trying to get property 'input' of non-object in /home/awsstart/domains/digitalstrategists.co/public_html/themes/altum/views/index/index.php on line 176
[09-Jun-2024 14:11:09 UTC] PHP Notice:  Undefined variable: image in /home/awsstart/domains/digitalstrategists.co/public_html/themes/altum/views/index/index.php on line 176
[09-Jun-2024 14:11:09 UTC] PHP Notice:  Trying to get property 'input' of non-object in /home/awsstart/domains/digitalstrategists.co/public_html/themes/altum/views/index/index.php on line 176
[09-Jun-2024 14:11:09 UTC] PHP Notice:  Undefined variable: image in /home/awsstart/domains/digitalstrategists.co/public_html/themes/altum/views/index/index.php on line 176
[09-Jun-2024 14:11:09 UTC] PHP Notice:  Trying to get property 'input' of non-object in /home/awsstart/domains/digitalstrategists.co/public_html/themes/altum/views/index/index.php on line 176
[09-Jun-2024 14:11:09 UTC] PHP Notice:  Undefined variable: image in /home/awsstart/domains/digitalstrategists.co/public_html/themes/altum/views/index/index.php on line 176
[09-Jun-2024 14:11:09 UTC] PHP Notice:  Trying to get property 'input' of non-object in /home/awsstart/domains/digitalstrategists.co/public_html/themes/altum/views/index/index.php on line 176
[09-Jun-2024 14:11:09 UTC] PHP Notice:  Undefined variable: image in /home/awsstart/domains/digitalstrategists.co/public_html/themes/altum/views/index/index.php on line 176
[09-Jun-2024 14:11:09 UTC] PHP Notice:  Trying to get property 'input' of non-object in /home/awsstart/domains/digitalstrategists.co/public_html/themes/altum/views/index/index.php on line 176
[09-Jun-2024 14:11:09 UTC] PHP Notice:  Undefined variable: image in /home/awsstart/domains/digitalstrategists.co/public_html/themes/altum/views/index/index.php on line 176
[09-Jun-2024 14:11:09 UTC] PHP Notice:  Trying to get property 'input' of non-object in /home/awsstart/domains/digitalstrategists.co/public_html/themes/altum/views/index/index.php on line 176
[09-Jun-2024 14:11:09 UTC] PHP Notice:  Undefined variable: image in /home/awsstart/domains/digitalstrategists.co/public_html/themes/altum/views/index/index.php on line 176
[09-Jun-2024 14:11:09 UTC] PHP Notice:  Trying to get property 'input' of non-object in /home/awsstart/domains/digitalstrategists.co/public_html/themes/altum/views/index/index.php on line 176
[09-Jun-2024 14:11:09 UTC] PHP Notice:  Undefined variable: image in /home/awsstart/domains/digitalstrategists.co/public_html/themes/altum/views/index/index.php on line 176
[09-Jun-2024 14:11:09 UTC] PHP Notice:  Trying to get property 'input' of non-object in /home/awsstart/domains/digitalstrategists.co/public_html/themes/altum/views/index/index.php on line 176
[09-Jun-2024 14:11:09 UTC] PHP Notice:  Undefined variable: image in /home/awsstart/domains/digitalstrategists.co/public_html/themes/altum/views/index/index.php on line 176
[09-Jun-2024 14:11:09 UTC] PHP Notice:  Trying to get property 'input' of non-object in /home/awsstart/domains/digitalstrategists.co/public_html/themes/altum/views/index/index.php on line 176
[09-Jun-2024 14:11:09 UTC] PHP Notice:  Undefined variable: image in /home/awsstart/domains/digitalstrategists.co/public_html/themes/altum/views/index/index.php on line 176
[09-Jun-2024 14:11:09 UTC] PHP Notice:  Trying to get property 'input' of non-object in /home/awsstart/domains/digitalstrategists.co/public_html/themes/altum/views/index/index.php on line 176
[09-Jun-2024 14:11:09 UTC] PHP Notice:  Undefined variable: image in /home/awsstart/domains/digitalstrategists.co/public_html/themes/altum/views/index/index.php on line 176
[09-Jun-2024 14:11:09 UTC] PHP Notice:  Trying to get property 'input' of non-object in /home/awsstart/domains/digitalstrategists.co/public_html/themes/altum/views/index/index.php on line 176
[09-Jun-2024 14:11:09 UTC] PHP Notice:  Undefined variable: image in /home/awsstart/domains/digitalstrategists.co/public_html/themes/altum/views/index/index.php on line 176
[09-Jun-2024 14:11:09 UTC] PHP Notice:  Trying to get property 'input' of non-object in /home/awsstart/domains/digitalstrategists.co/public_html/themes/altum/views/index/index.php on line 176
[09-Jun-2024 14:11:09 UTC] PHP Notice:  Undefined variable: image in /home/awsstart/domains/digitalstrategists.co/public_html/themes/altum/views/index/index.php on line 176
[09-Jun-2024 14:11:09 UTC] PHP Notice:  Trying to get property 'input' of non-object in /home/awsstart/domains/digitalstrategists.co/public_html/themes/altum/views/index/index.php on line 176
[09-Jun-2024 14:11:09 UTC] PHP Notice:  Undefined variable: image in /home/awsstart/domains/digitalstrategists.co/public_html/themes/altum/views/index/index.php on line 176
[09-Jun-2024 14:11:09 UTC] PHP Notice:  Trying to get property 'input' of non-object in /home/awsstart/domains/digitalstrategists.co/public_html/themes/altum/views/index/index.php on line 176
[09-Jun-2024 14:11:09 UTC] PHP Notice:  Undefined variable: image in /home/awsstart/domains/digitalstrategists.co/public_html/themes/altum/views/index/index.php on line 176
[09-Jun-2024 14:11:09 UTC] PHP Notice:  Trying to get property 'input' of non-object in /home/awsstart/domains/digitalstrategists.co/public_html/themes/altum/views/index/index.php on line 176
[09-Jun-2024 14:11:09 UTC] PHP Notice:  Undefined variable: image in /home/awsstart/domains/digitalstrategists.co/public_html/themes/altum/views/index/index.php on line 176
[09-Jun-2024 14:11:09 UTC] PHP Notice:  Trying to get property 'input' of non-object in /home/awsstart/domains/digitalstrategists.co/public_html/themes/altum/views/index/index.php on line 176
[09-Jun-2024 14:11:09 UTC] PHP Notice:  Undefined variable: image in /home/awsstart/domains/digitalstrategists.co/public_html/themes/altum/views/index/index.php on line 176
[09-Jun-2024 14:11:09 UTC] PHP Notice:  Trying to get property 'input' of non-object in /home/awsstart/domains/digitalstrategists.co/public_html/themes/altum/views/index/index.php on line 176
[09-Jun-2024 14:11:09 UTC] PHP Notice:  Undefined variable: image in /home/awsstart/domains/digitalstrategists.co/public_html/themes/altum/views/index/index.php on line 176
[09-Jun-2024 14:11:09 UTC] PHP Notice:  Trying to get property 'input' of non-object in /home/awsstart/domains/digitalstrategists.co/public_html/themes/altum/views/index/index.php on line 176
[09-Jun-2024 14:11:09 UTC] PHP Notice:  Undefined variable: image in /home/awsstart/domains/digitalstrategists.co/public_html/themes/altum/views/index/index.php on line 176
[09-Jun-2024 14:11:09 UTC] PHP Notice:  Trying to get property 'input' of non-object in /home/awsstart/domains/digitalstrategists.co/public_html/themes/altum/views/index/index.php on line 176
[09-Jun-2024 14:11:09 UTC] PHP Notice:  Undefined variable: image in /home/awsstart/domains/digitalstrategists.co/public_html/themes/altum/views/index/index.php on line 176
[09-Jun-2024 14:11:09 UTC] PHP Notice:  Trying to get property 'input' of non-object in /home/awsstart/domains/digitalstrategists.co/public_html/themes/altum/views/index/index.php on line 176
[09-Jun-2024 14:11:09 UTC] PHP Notice:  Undefined variable: image in /home/awsstart/domains/digitalstrategists.co/public_html/themes/altum/views/index/index.php on line 176
[09-Jun-2024 14:11:09 UTC] PHP Notice:  Trying to get property 'input' of non-object in /home/awsstart/domains/digitalstrategists.co/public_html/themes/altum/views/index/index.php on line 176
[09-Jun-2024 14:11:09 UTC] PHP Notice:  Undefined variable: image in /home/awsstart/domains/digitalstrategists.co/public_html/themes/altum/views/index/index.php on line 176
[09-Jun-2024 14:11:09 UTC] PHP Notice:  Trying to get property 'input' of non-object in /home/awsstart/domains/digitalstrategists.co/public_html/themes/altum/views/index/index.php on line 176
[09-Jun-2024 14:11:09 UTC] PHP Notice:  Undefined variable: image in /home/awsstart/domains/digitalstrategists.co/public_html/themes/altum/views/index/index.php on line 176
[09-Jun-2024 14:11:09 UTC] PHP Notice:  Trying to get property 'input' of non-object in /home/awsstart/domains/digitalstrategists.co/public_html/themes/altum/views/index/index.php on line 176
[09-Jun-2024 14:11:09 UTC] PHP Notice:  Undefined variable: image in /home/awsstart/domains/digitalstrategists.co/public_html/themes/altum/views/index/index.php on line 176
[09-Jun-2024 14:11:09 UTC] PHP Notice:  Trying to get property 'input' of non-object in /home/awsstart/domains/digitalstrategists.co/public_html/themes/altum/views/index/index.php on line 176
[09-Jun-2024 14:11:09 UTC] PHP Notice:  Undefined variable: image in /home/awsstart/domains/digitalstrategists.co/public_html/themes/altum/views/index/index.php on line 176
[09-Jun-2024 14:11:09 UTC] PHP Notice:  Trying to get property 'input' of non-object in /home/awsstart/domains/digitalstrategists.co/public_html/themes/altum/views/index/index.php on line 176
[09-Jun-2024 14:11:09 UTC] PHP Notice:  Undefined variable: image in /home/awsstart/domains/digitalstrategists.co/public_html/themes/altum/views/index/index.php on line 176
[09-Jun-2024 14:11:09 UTC] PHP Notice:  Trying to get property 'input' of non-object in /home/awsstart/domains/digitalstrategists.co/public_html/themes/altum/views/index/index.php on line 176
[09-Jun-2024 14:11:09 UTC] PHP Notice:  Undefined property: stdClass::$dark_ltr_is_enabled in /home/awsstart/domains/digitalstrategists.co/public_html/themes/altum/views/partials/theme_style_js.php on line 19
[09-Jun-2024 14:11:09 UTC] PHP Notice:  Undefined property: stdClass::$light_ltr_is_enabled in /home/awsstart/domains/digitalstrategists.co/public_html/themes/altum/views/partials/theme_style_js.php on line 24
[09-Jun-2024 14:11:09 UTC] PHP Notice:  Undefined property: stdClass::$dark_ltr_is_enabled in /home/awsstart/domains/digitalstrategists.co/public_html/app/core/ThemeStyle.php on line 35
[09-Jun-2024 14:11:09 UTC] PHP Notice:  Undefined property: stdClass::$ad_blocker_detector_is_enabled in /home/awsstart/domains/digitalstrategists.co/public_html/themes/altum/views/partials/ad_blocker_detector.php on line 3
[09-Jun-2024 17:54:57 UTC] PHP Notice:  Undefined property: stdClass::$dark_ltr_is_enabled in /home/awsstart/domains/digitalstrategists.co/public_html/themes/altum/views/partials/theme_style_js.php on line 19
[09-Jun-2024 17:54:57 UTC] PHP Notice:  Undefined property: stdClass::$light_ltr_is_enabled in /home/awsstart/domains/digitalstrategists.co/public_html/themes/altum/views/partials/theme_style_js.php on line 24
[09-Jun-2024 17:54:57 UTC] PHP Notice:  Undefined property: stdClass::$dark_ltr_is_enabled in /home/awsstart/domains/digitalstrategists.co/public_html/app/core/ThemeStyle.php on line 35
[09-Jun-2024 17:54:57 UTC] PHP Notice:  Undefined property: stdClass::$ad_blocker_detector_is_enabled in /home/awsstart/domains/digitalstrategists.co/public_html/themes/altum/views/partials/ad_blocker_detector.php on line 3
[09-Jun-2024 17:54:57 UTC] PHP Notice:  Undefined property: stdClass::$dark_ltr_is_enabled in /home/awsstart/domains/digitalstrategists.co/public_html/themes/altum/views/partials/theme_style_js.php on line 19
[09-Jun-2024 17:54:57 UTC] PHP Notice:  Undefined property: stdClass::$light_ltr_is_enabled in /home/awsstart/domains/digitalstrategists.co/public_html/themes/altum/views/partials/theme_style_js.php on line 24
[09-Jun-2024 17:54:57 UTC] PHP Notice:  Undefined property: stdClass::$dark_ltr_is_enabled in /home/awsstart/domains/digitalstrategists.co/public_html/app/core/ThemeStyle.php on line 35
[09-Jun-2024 17:54:57 UTC] PHP Notice:  Undefined property: stdClass::$ad_blocker_detector_is_enabled in /home/awsstart/domains/digitalstrategists.co/public_html/themes/altum/views/partials/ad_blocker_detector.php on line 3
[09-Jun-2024 19:04:33 UTC] PHP Notice:  Undefined variable: value in /home/awsstart/domains/digitalstrategists.co/public_html/themes/altum/views/index/index.php on line 7
[09-Jun-2024 19:04:33 UTC] PHP Notice:  Undefined variable: image in /home/awsstart/domains/digitalstrategists.co/public_html/themes/altum/views/index/index.php on line 176
[09-Jun-2024 19:04:33 UTC] PHP Notice:  Trying to get property 'input' of non-object in /home/awsstart/domains/digitalstrategists.co/public_html/themes/altum/views/index/index.php on line 176
[09-Jun-2024 19:04:33 UTC] PHP Notice:  Undefined variable: image in /home/awsstart/domains/digitalstrategists.co/public_html/themes/altum/views/index/index.php on line 176
[09-Jun-2024 19:04:33 UTC] PHP Notice:  Trying to get property 'input' of non-object in /home/awsstart/domains/digitalstrategists.co/public_html/themes/altum/views/index/index.php on line 176
[09-Jun-2024 19:04:33 UTC] PHP Notice:  Undefined variable: image in /home/awsstart/domains/digitalstrategists.co/public_html/themes/altum/views/index/index.php on line 176
[09-Jun-2024 19:04:33 UTC] PHP Notice:  Trying to get property 'input' of non-object in /home/awsstart/domains/digitalstrategists.co/public_html/themes/altum/views/index/index.php on line 176
[09-Jun-2024 19:04:33 UTC] PHP Notice:  Undefined variable: image in /home/awsstart/domains/digitalstrategists.co/public_html/themes/altum/views/index/index.php on line 176
[09-Jun-2024 19:04:33 UTC] PHP Notice:  Trying to get property 'input' of non-object in /home/awsstart/domains/digitalstrategists.co/public_html/themes/altum/views/index/index.php on line 176
[09-Jun-2024 19:04:33 UTC] PHP Notice:  Undefined variable: image in /home/awsstart/domains/digitalstrategists.co/public_html/themes/altum/views/index/index.php on line 176
[09-Jun-2024 19:04:33 UTC] PHP Notice:  Trying to get property 'input' of non-object in /home/awsstart/domains/digitalstrategists.co/public_html/themes/altum/views/index/index.php on line 176
[09-Jun-2024 19:04:33 UTC] PHP Notice:  Undefined variable: image in /home/awsstart/domains/digitalstrategists.co/public_html/themes/altum/views/index/index.php on line 176
[09-Jun-2024 19:04:33 UTC] PHP Notice:  Trying to get property 'input' of non-object in /home/awsstart/domains/digitalstrategists.co/public_html/themes/altum/views/index/index.php on line 176
[09-Jun-2024 19:04:33 UTC] PHP Notice:  Undefined variable: image in /home/awsstart/domains/digitalstrategists.co/public_html/themes/altum/views/index/index.php on line 176
[09-Jun-2024 19:04:33 UTC] PHP Notice:  Trying to get property 'input' of non-object in /home/awsstart/domains/digitalstrategists.co/public_html/themes/altum/views/index/index.php on line 176
[09-Jun-2024 19:04:33 UTC] PHP Notice:  Undefined variable: image in /home/awsstart/domains/digitalstrategists.co/public_html/themes/altum/views/index/index.php on line 176
[09-Jun-2024 19:04:33 UTC] PHP Notice:  Trying to get property 'input' of non-object in /home/awsstart/domains/digitalstrategists.co/public_html/themes/altum/views/index/index.php on line 176
[09-Jun-2024 19:04:33 UTC] PHP Notice:  Undefined variable: image in /home/awsstart/domains/digitalstrategists.co/public_html/themes/altum/views/index/index.php on line 176
[09-Jun-2024 19:04:33 UTC] PHP Notice:  Trying to get property 'input' of non-object in /home/awsstart/domains/digitalstrategists.co/public_html/themes/altum/views/index/index.php on line 176
[09-Jun-2024 19:04:33 UTC] PHP Notice:  Undefined variable: image in /home/awsstart/domains/digitalstrategists.co/public_html/themes/altum/views/index/index.php on line 176
[09-Jun-2024 19:04:33 UTC] PHP Notice:  Trying to get property 'input' of non-object in /home/awsstart/domains/digitalstrategists.co/public_html/themes/altum/views/index/index.php on line 176
[09-Jun-2024 19:04:33 UTC] PHP Notice:  Undefined variable: image in /home/awsstart/domains/digitalstrategists.co/public_html/themes/altum/views/index/index.php on line 176
[09-Jun-2024 19:04:33 UTC] PHP Notice:  Trying to get property 'input' of non-object in /home/awsstart/domains/digitalstrategists.co/public_html/themes/altum/views/index/index.php on line 176
[09-Jun-2024 19:04:33 UTC] PHP Notice:  Undefined variable: image in /home/awsstart/domains/digitalstrategists.co/public_html/themes/altum/views/index/index.php on line 176
[09-Jun-2024 19:04:33 UTC] PHP Notice:  Trying to get property 'input' of non-object in /home/awsstart/domains/digitalstrategists.co/public_html/themes/altum/views/index/index.php on line 176
[09-Jun-2024 19:04:33 UTC] PHP Notice:  Undefined variable: image in /home/awsstart/domains/digitalstrategists.co/public_html/themes/altum/views/index/index.php on line 176
[09-Jun-2024 19:04:33 UTC] PHP Notice:  Trying to get property 'input' of non-object in /home/awsstart/domains/digitalstrategists.co/public_html/themes/altum/views/index/index.php on line 176
[09-Jun-2024 19:04:33 UTC] PHP Notice:  Undefined variable: image in /home/awsstart/domains/digitalstrategists.co/public_html/themes/altum/views/index/index.php on line 176
[09-Jun-2024 19:04:33 UTC] PHP Notice:  Trying to get property 'input' of non-object in /home/awsstart/domains/digitalstrategists.co/public_html/themes/altum/views/index/index.php on line 176
[09-Jun-2024 19:04:33 UTC] PHP Notice:  Undefined variable: image in /home/awsstart/domains/digitalstrategists.co/public_html/themes/altum/views/index/index.php on line 176
[09-Jun-2024 19:04:33 UTC] PHP Notice:  Trying to get property 'input' of non-object in /home/awsstart/domains/digitalstrategists.co/public_html/themes/altum/views/index/index.php on line 176
[09-Jun-2024 19:04:33 UTC] PHP Notice:  Undefined variable: image in /home/awsstart/domains/digitalstrategists.co/public_html/themes/altum/views/index/index.php on line 176
[09-Jun-2024 19:04:33 UTC] PHP Notice:  Trying to get property 'input' of non-object in /home/awsstart/domains/digitalstrategists.co/public_html/themes/altum/views/index/index.php on line 176
[09-Jun-2024 19:04:33 UTC] PHP Notice:  Undefined variable: image in /home/awsstart/domains/digitalstrategists.co/public_html/themes/altum/views/index/index.php on line 176
[09-Jun-2024 19:04:33 UTC] PHP Notice:  Trying to get property 'input' of non-object in /home/awsstart/domains/digitalstrategists.co/public_html/themes/altum/views/index/index.php on line 176
[09-Jun-2024 19:04:33 UTC] PHP Notice:  Undefined variable: image in /home/awsstart/domains/digitalstrategists.co/public_html/themes/altum/views/index/index.php on line 176
[09-Jun-2024 19:04:33 UTC] PHP Notice:  Trying to get property 'input' of non-object in /home/awsstart/domains/digitalstrategists.co/public_html/themes/altum/views/index/index.php on line 176
[09-Jun-2024 19:04:33 UTC] PHP Notice:  Undefined variable: image in /home/awsstart/domains/digitalstrategists.co/public_html/themes/altum/views/index/index.php on line 176
[09-Jun-2024 19:04:33 UTC] PHP Notice:  Trying to get property 'input' of non-object in /home/awsstart/domains/digitalstrategists.co/public_html/themes/altum/views/index/index.php on line 176
[09-Jun-2024 19:04:33 UTC] PHP Notice:  Undefined variable: image in /home/awsstart/domains/digitalstrategists.co/public_html/themes/altum/views/index/index.php on line 176
[09-Jun-2024 19:04:33 UTC] PHP Notice:  Trying to get property 'input' of non-object in /home/awsstart/domains/digitalstrategists.co/public_html/themes/altum/views/index/index.php on line 176
[09-Jun-2024 19:04:33 UTC] PHP Notice:  Undefined variable: image in /home/awsstart/domains/digitalstrategists.co/public_html/themes/altum/views/index/index.php on line 176
[09-Jun-2024 19:04:33 UTC] PHP Notice:  Trying to get property 'input' of non-object in /home/awsstart/domains/digitalstrategists.co/public_html/themes/altum/views/index/index.php on line 176
[09-Jun-2024 19:04:33 UTC] PHP Notice:  Undefined variable: image in /home/awsstart/domains/digitalstrategists.co/public_html/themes/altum/views/index/index.php on line 176
[09-Jun-2024 19:04:33 UTC] PHP Notice:  Trying to get property 'input' of non-object in /home/awsstart/domains/digitalstrategists.co/public_html/themes/altum/views/index/index.php on line 176
[09-Jun-2024 19:04:33 UTC] PHP Notice:  Undefined variable: image in /home/awsstart/domains/digitalstrategists.co/public_html/themes/altum/views/index/index.php on line 176
[09-Jun-2024 19:04:33 UTC] PHP Notice:  Trying to get property 'input' of non-object in /home/awsstart/domains/digitalstrategists.co/public_html/themes/altum/views/index/index.php on line 176
[09-Jun-2024 19:04:33 UTC] PHP Notice:  Undefined variable: image in /home/awsstart/domains/digitalstrategists.co/public_html/themes/altum/views/index/index.php on line 176
[09-Jun-2024 19:04:33 UTC] PHP Notice:  Trying to get property 'input' of non-object in /home/awsstart/domains/digitalstrategists.co/public_html/themes/altum/views/index/index.php on line 176
[09-Jun-2024 19:04:33 UTC] PHP Notice:  Undefined variable: image in /home/awsstart/domains/digitalstrategists.co/public_html/themes/altum/views/index/index.php on line 176
[09-Jun-2024 19:04:33 UTC] PHP Notice:  Trying to get property 'input' of non-object in /home/awsstart/domains/digitalstrategists.co/public_html/themes/altum/views/index/index.php on line 176
[09-Jun-2024 19:04:33 UTC] PHP Notice:  Undefined variable: image in /home/awsstart/domains/digitalstrategists.co/public_html/themes/altum/views/index/index.php on line 176
[09-Jun-2024 19:04:33 UTC] PHP Notice:  Trying to get property 'input' of non-object in /home/awsstart/domains/digitalstrategists.co/public_html/themes/altum/views/index/index.php on line 176
[09-Jun-2024 19:04:33 UTC] PHP Notice:  Undefined variable: image in /home/awsstart/domains/digitalstrategists.co/public_html/themes/altum/views/index/index.php on line 176
[09-Jun-2024 19:04:33 UTC] PHP Notice:  Trying to get property 'input' of non-object in /home/awsstart/domains/digitalstrategists.co/public_html/themes/altum/views/index/index.php on line 176
[09-Jun-2024 19:04:33 UTC] PHP Notice:  Undefined variable: image in /home/awsstart/domains/digitalstrategists.co/public_html/themes/altum/views/index/index.php on line 176
[09-Jun-2024 19:04:33 UTC] PHP Notice:  Trying to get property 'input' of non-object in /home/awsstart/domains/digitalstrategists.co/public_html/themes/altum/views/index/index.php on line 176
[09-Jun-2024 19:04:33 UTC] PHP Notice:  Undefined variable: image in /home/awsstart/domains/digitalstrategists.co/public_html/themes/altum/views/index/index.php on line 176
[09-Jun-2024 19:04:33 UTC] PHP Notice:  Trying to get property 'input' of non-object in /home/awsstart/domains/digitalstrategists.co/public_html/themes/altum/views/index/index.php on line 176
[09-Jun-2024 19:04:33 UTC] PHP Notice:  Undefined variable: image in /home/awsstart/domains/digitalstrategists.co/public_html/themes/altum/views/index/index.php on line 176
[09-Jun-2024 19:04:33 UTC] PHP Notice:  Trying to get property 'input' of non-object in /home/awsstart/domains/digitalstrategists.co/public_html/themes/altum/views/index/index.php on line 176
[09-Jun-2024 19:04:33 UTC] PHP Notice:  Undefined variable: image in /home/awsstart/domains/digitalstrategists.co/public_html/themes/altum/views/index/index.php on line 176
[09-Jun-2024 19:04:33 UTC] PHP Notice:  Trying to get property 'input' of non-object in /home/awsstart/domains/digitalstrategists.co/public_html/themes/altum/views/index/index.php on line 176
[09-Jun-2024 19:04:33 UTC] PHP Notice:  Undefined variable: image in /home/awsstart/domains/digitalstrategists.co/public_html/themes/altum/views/index/index.php on line 176
[09-Jun-2024 19:04:33 UTC] PHP Notice:  Trying to get property 'input' of non-object in /home/awsstart/domains/digitalstrategists.co/public_html/themes/altum/views/index/index.php on line 176
[09-Jun-2024 19:04:33 UTC] PHP Notice:  Undefined variable: image in /home/awsstart/domains/digitalstrategists.co/public_html/themes/altum/views/index/index.php on line 176
[09-Jun-2024 19:04:33 UTC] PHP Notice:  Trying to get property 'input' of non-object in /home/awsstart/domains/digitalstrategists.co/public_html/themes/altum/views/index/index.php on line 176
[09-Jun-2024 19:04:33 UTC] PHP Notice:  Undefined variable: image in /home/awsstart/domains/digitalstrategists.co/public_html/themes/altum/views/index/index.php on line 176
[09-Jun-2024 19:04:33 UTC] PHP Notice:  Trying to get property 'input' of non-object in /home/awsstart/domains/digitalstrategists.co/public_html/themes/altum/views/index/index.php on line 176
[09-Jun-2024 19:04:33 UTC] PHP Notice:  Undefined variable: image in /home/awsstart/domains/digitalstrategists.co/public_html/themes/altum/views/index/index.php on line 176
[09-Jun-2024 19:04:33 UTC] PHP Notice:  Trying to get property 'input' of non-object in /home/awsstart/domains/digitalstrategists.co/public_html/themes/altum/views/index/index.php on line 176
[09-Jun-2024 19:04:33 UTC] PHP Notice:  Undefined variable: image in /home/awsstart/domains/digitalstrategists.co/public_html/themes/altum/views/index/index.php on line 176
[09-Jun-2024 19:04:33 UTC] PHP Notice:  Trying to get property 'input' of non-object in /home/awsstart/domains/digitalstrategists.co/public_html/themes/altum/views/index/index.php on line 176
[09-Jun-2024 19:04:33 UTC] PHP Notice:  Undefined property: stdClass::$dark_ltr_is_enabled in /home/awsstart/domains/digitalstrategists.co/public_html/themes/altum/views/partials/theme_style_js.php on line 19
[09-Jun-2024 19:04:33 UTC] PHP Notice:  Undefined property: stdClass::$light_ltr_is_enabled in /home/awsstart/domains/digitalstrategists.co/public_html/themes/altum/views/partials/theme_style_js.php on line 24
[09-Jun-2024 19:04:33 UTC] PHP Notice:  Undefined property: stdClass::$dark_ltr_is_enabled in /home/awsstart/domains/digitalstrategists.co/public_html/app/core/ThemeStyle.php on line 35
[09-Jun-2024 19:04:33 UTC] PHP Notice:  Undefined property: stdClass::$ad_blocker_detector_is_enabled in /home/awsstart/domains/digitalstrategists.co/public_html/themes/altum/views/partials/ad_blocker_detector.php on line 3
[09-Jun-2024 19:04:33 UTC] PHP Notice:  Undefined variable: value in /home/awsstart/domains/digitalstrategists.co/public_html/themes/altum/views/index/index.php on line 7
[09-Jun-2024 19:04:33 UTC] PHP Notice:  Undefined variable: image in /home/awsstart/domains/digitalstrategists.co/public_html/themes/altum/views/index/index.php on line 176
[09-Jun-2024 19:04:33 UTC] PHP Notice:  Trying to get property 'input' of non-object in /home/awsstart/domains/digitalstrategists.co/public_html/themes/altum/views/index/index.php on line 176
[09-Jun-2024 19:04:33 UTC] PHP Notice:  Undefined variable: image in /home/awsstart/domains/digitalstrategists.co/public_html/themes/altum/views/index/index.php on line 176
[09-Jun-2024 19:04:33 UTC] PHP Notice:  Trying to get property 'input' of non-object in /home/awsstart/domains/digitalstrategists.co/public_html/themes/altum/views/index/index.php on line 176
[09-Jun-2024 19:04:33 UTC] PHP Notice:  Undefined variable: image in /home/awsstart/domains/digitalstrategists.co/public_html/themes/altum/views/index/index.php on line 176
[09-Jun-2024 19:04:33 UTC] PHP Notice:  Trying to get property 'input' of non-object in /home/awsstart/domains/digitalstrategists.co/public_html/themes/altum/views/index/index.php on line 176
[09-Jun-2024 19:04:33 UTC] PHP Notice:  Undefined variable: image in /home/awsstart/domains/digitalstrategists.co/public_html/themes/altum/views/index/index.php on line 176
[09-Jun-2024 19:04:33 UTC] PHP Notice:  Trying to get property 'input' of non-object in /home/awsstart/domains/digitalstrategists.co/public_html/themes/altum/views/index/index.php on line 176
[09-Jun-2024 19:04:33 UTC] PHP Notice:  Undefined variable: image in /home/awsstart/domains/digitalstrategists.co/public_html/themes/altum/views/index/index.php on line 176
[09-Jun-2024 19:04:33 UTC] PHP Notice:  Trying to get property 'input' of non-object in /home/awsstart/domains/digitalstrategists.co/public_html/themes/altum/views/index/index.php on line 176
[09-Jun-2024 19:04:33 UTC] PHP Notice:  Undefined variable: image in /home/awsstart/domains/digitalstrategists.co/public_html/themes/altum/views/index/index.php on line 176
[09-Jun-2024 19:04:33 UTC] PHP Notice:  Trying to get property 'input' of non-object in /home/awsstart/domains/digitalstrategists.co/public_html/themes/altum/views/index/index.php on line 176
[09-Jun-2024 19:04:33 UTC] PHP Notice:  Undefined variable: image in /home/awsstart/domains/digitalstrategists.co/public_html/themes/altum/views/index/index.php on line 176
[09-Jun-2024 19:04:33 UTC] PHP Notice:  Trying to get property 'input' of non-object in /home/awsstart/domains/digitalstrategists.co/public_html/themes/altum/views/index/index.php on line 176
[09-Jun-2024 19:04:33 UTC] PHP Notice:  Undefined variable: image in /home/awsstart/domains/digitalstrategists.co/public_html/themes/altum/views/index/index.php on line 176
[09-Jun-2024 19:04:33 UTC] PHP Notice:  Trying to get property 'input' of non-object in /home/awsstart/domains/digitalstrategists.co/public_html/themes/altum/views/index/index.php on line 176
[09-Jun-2024 19:04:33 UTC] PHP Notice:  Undefined variable: image in /home/awsstart/domains/digitalstrategists.co/public_html/themes/altum/views/index/index.php on line 176
[09-Jun-2024 19:04:33 UTC] PHP Notice:  Trying to get property 'input' of non-object in /home/awsstart/domains/digitalstrategists.co/public_html/themes/altum/views/index/index.php on line 176
[09-Jun-2024 19:04:33 UTC] PHP Notice:  Undefined variable: image in /home/awsstart/domains/digitalstrategists.co/public_html/themes/altum/views/index/index.php on line 176
[09-Jun-2024 19:04:33 UTC] PHP Notice:  Trying to get property 'input' of non-object in /home/awsstart/domains/digitalstrategists.co/public_html/themes/altum/views/index/index.php on line 176
[09-Jun-2024 19:04:33 UTC] PHP Notice:  Undefined variable: image in /home/awsstart/domains/digitalstrategists.co/public_html/themes/altum/views/index/index.php on line 176
[09-Jun-2024 19:04:33 UTC] PHP Notice:  Trying to get property 'input' of non-object in /home/awsstart/domains/digitalstrategists.co/public_html/themes/altum/views/index/index.php on line 176
[09-Jun-2024 19:04:33 UTC] PHP Notice:  Undefined variable: image in /home/awsstart/domains/digitalstrategists.co/public_html/themes/altum/views/index/index.php on line 176
[09-Jun-2024 19:04:33 UTC] PHP Notice:  Trying to get property 'input' of non-object in /home/awsstart/domains/digitalstrategists.co/public_html/themes/altum/views/index/index.php on line 176
[09-Jun-2024 19:04:33 UTC] PHP Notice:  Undefined variable: image in /home/awsstart/domains/digitalstrategists.co/public_html/themes/altum/views/index/index.php on line 176
[09-Jun-2024 19:04:33 UTC] PHP Notice:  Trying to get property 'input' of non-object in /home/awsstart/domains/digitalstrategists.co/public_html/themes/altum/views/index/index.php on line 176
[09-Jun-2024 19:04:33 UTC] PHP Notice:  Undefined variable: image in /home/awsstart/domains/digitalstrategists.co/public_html/themes/altum/views/index/index.php on line 176
[09-Jun-2024 19:04:33 UTC] PHP Notice:  Trying to get property 'input' of non-object in /home/awsstart/domains/digitalstrategists.co/public_html/themes/altum/views/index/index.php on line 176
[09-Jun-2024 19:04:33 UTC] PHP Notice:  Undefined variable: image in /home/awsstart/domains/digitalstrategists.co/public_html/themes/altum/views/index/index.php on line 176
[09-Jun-2024 19:04:33 UTC] PHP Notice:  Trying to get property 'input' of non-object in /home/awsstart/domains/digitalstrategists.co/public_html/themes/altum/views/index/index.php on line 176
[09-Jun-2024 19:04:33 UTC] PHP Notice:  Undefined variable: image in /home/awsstart/domains/digitalstrategists.co/public_html/themes/altum/views/index/index.php on line 176
[09-Jun-2024 19:04:33 UTC] PHP Notice:  Trying to get property 'input' of non-object in /home/awsstart/domains/digitalstrategists.co/public_html/themes/altum/views/index/index.php on line 176
[09-Jun-2024 19:04:33 UTC] PHP Notice:  Undefined variable: image in /home/awsstart/domains/digitalstrategists.co/public_html/themes/altum/views/index/index.php on line 176
[09-Jun-2024 19:04:33 UTC] PHP Notice:  Trying to get property 'input' of non-object in /home/awsstart/domains/digitalstrategists.co/public_html/themes/altum/views/index/index.php on line 176
[09-Jun-2024 19:04:33 UTC] PHP Notice:  Undefined variable: image in /home/awsstart/domains/digitalstrategists.co/public_html/themes/altum/views/index/index.php on line 176
[09-Jun-2024 19:04:33 UTC] PHP Notice:  Trying to get property 'input' of non-object in /home/awsstart/domains/digitalstrategists.co/public_html/themes/altum/views/index/index.php on line 176
[09-Jun-2024 19:04:33 UTC] PHP Notice:  Undefined variable: image in /home/awsstart/domains/digitalstrategists.co/public_html/themes/altum/views/index/index.php on line 176
[09-Jun-2024 19:04:33 UTC] PHP Notice:  Trying to get property 'input' of non-object in /home/awsstart/domains/digitalstrategists.co/public_html/themes/altum/views/index/index.php on line 176
[09-Jun-2024 19:04:33 UTC] PHP Notice:  Undefined variable: image in /home/awsstart/domains/digitalstrategists.co/public_html/themes/altum/views/index/index.php on line 176
[09-Jun-2024 19:04:33 UTC] PHP Notice:  Trying to get property 'input' of non-object in /home/awsstart/domains/digitalstrategists.co/public_html/themes/altum/views/index/index.php on line 176
[09-Jun-2024 19:04:33 UTC] PHP Notice:  Undefined variable: image in /home/awsstart/domains/digitalstrategists.co/public_html/themes/altum/views/index/index.php on line 176
[09-Jun-2024 19:04:33 UTC] PHP Notice:  Trying to get property 'input' of non-object in /home/awsstart/domains/digitalstrategists.co/public_html/themes/altum/views/index/index.php on line 176
[09-Jun-2024 19:04:33 UTC] PHP Notice:  Undefined variable: image in /home/awsstart/domains/digitalstrategists.co/public_html/themes/altum/views/index/index.php on line 176
[09-Jun-2024 19:04:33 UTC] PHP Notice:  Trying to get property 'input' of non-object in /home/awsstart/domains/digitalstrategists.co/public_html/themes/altum/views/index/index.php on line 176
[09-Jun-2024 19:04:33 UTC] PHP Notice:  Undefined variable: image in /home/awsstart/domains/digitalstrategists.co/public_html/themes/altum/views/index/index.php on line 176
[09-Jun-2024 19:04:33 UTC] PHP Notice:  Trying to get property 'input' of non-object in /home/awsstart/domains/digitalstrategists.co/public_html/themes/altum/views/index/index.php on line 176
[09-Jun-2024 19:04:33 UTC] PHP Notice:  Undefined variable: image in /home/awsstart/domains/digitalstrategists.co/public_html/themes/altum/views/index/index.php on line 176
[09-Jun-2024 19:04:33 UTC] PHP Notice:  Trying to get property 'input' of non-object in /home/awsstart/domains/digitalstrategists.co/public_html/themes/altum/views/index/index.php on line 176
[09-Jun-2024 19:04:33 UTC] PHP Notice:  Undefined variable: image in /home/awsstart/domains/digitalstrategists.co/public_html/themes/altum/views/index/index.php on line 176
[09-Jun-2024 19:04:33 UTC] PHP Notice:  Trying to get property 'input' of non-object in /home/awsstart/domains/digitalstrategists.co/public_html/themes/altum/views/index/index.php on line 176
[09-Jun-2024 19:04:33 UTC] PHP Notice:  Undefined variable: image in /home/awsstart/domains/digitalstrategists.co/public_html/themes/altum/views/index/index.php on line 176
[09-Jun-2024 19:04:33 UTC] PHP Notice:  Trying to get property 'input' of non-object in /home/awsstart/domains/digitalstrategists.co/public_html/themes/altum/views/index/index.php on line 176
[09-Jun-2024 19:04:33 UTC] PHP Notice:  Undefined variable: image in /home/awsstart/domains/digitalstrategists.co/public_html/themes/altum/views/index/index.php on line 176
[09-Jun-2024 19:04:33 UTC] PHP Notice:  Trying to get property 'input' of non-object in /home/awsstart/domains/digitalstrategists.co/public_html/themes/altum/views/index/index.php on line 176
[09-Jun-2024 19:04:33 UTC] PHP Notice:  Undefined variable: image in /home/awsstart/domains/digitalstrategists.co/public_html/themes/altum/views/index/index.php on line 176
[09-Jun-2024 19:04:33 UTC] PHP Notice:  Trying to get property 'input' of non-object in /home/awsstart/domains/digitalstrategists.co/public_html/themes/altum/views/index/index.php on line 176
[09-Jun-2024 19:04:33 UTC] PHP Notice:  Undefined variable: image in /home/awsstart/domains/digitalstrategists.co/public_html/themes/altum/views/index/index.php on line 176
[09-Jun-2024 19:04:33 UTC] PHP Notice:  Trying to get property 'input' of non-object in /home/awsstart/domains/digitalstrategists.co/public_html/themes/altum/views/index/index.php on line 176
[09-Jun-2024 19:04:33 UTC] PHP Notice:  Undefined variable: image in /home/awsstart/domains/digitalstrategists.co/public_html/themes/altum/views/index/index.php on line 176
[09-Jun-2024 19:04:33 UTC] PHP Notice:  Trying to get property 'input' of non-object in /home/awsstart/domains/digitalstrategists.co/public_html/themes/altum/views/index/index.php on line 176
[09-Jun-2024 19:04:33 UTC] PHP Notice:  Undefined variable: image in /home/awsstart/domains/digitalstrategists.co/public_html/themes/altum/views/index/index.php on line 176
[09-Jun-2024 19:04:33 UTC] PHP Notice:  Trying to get property 'input' of non-object in /home/awsstart/domains/digitalstrategists.co/public_html/themes/altum/views/index/index.php on line 176
[09-Jun-2024 19:04:33 UTC] PHP Notice:  Undefined variable: image in /home/awsstart/domains/digitalstrategists.co/public_html/themes/altum/views/index/index.php on line 176
[09-Jun-2024 19:04:33 UTC] PHP Notice:  Trying to get property 'input' of non-object in /home/awsstart/domains/digitalstrategists.co/public_html/themes/altum/views/index/index.php on line 176
[09-Jun-2024 19:04:33 UTC] PHP Notice:  Undefined variable: image in /home/awsstart/domains/digitalstrategists.co/public_html/themes/altum/views/index/index.php on line 176
[09-Jun-2024 19:04:33 UTC] PHP Notice:  Trying to get property 'input' of non-object in /home/awsstart/domains/digitalstrategists.co/public_html/themes/altum/views/index/index.php on line 176
[09-Jun-2024 19:04:33 UTC] PHP Notice:  Undefined variable: image in /home/awsstart/domains/digitalstrategists.co/public_html/themes/altum/views/index/index.php on line 176
[09-Jun-2024 19:04:33 UTC] PHP Notice:  Trying to get property 'input' of non-object in /home/awsstart/domains/digitalstrategists.co/public_html/themes/altum/views/index/index.php on line 176
[09-Jun-2024 19:04:33 UTC] PHP Notice:  Undefined variable: image in /home/awsstart/domains/digitalstrategists.co/public_html/themes/altum/views/index/index.php on line 176
[09-Jun-2024 19:04:33 UTC] PHP Notice:  Trying to get property 'input' of non-object in /home/awsstart/domains/digitalstrategists.co/public_html/themes/altum/views/index/index.php on line 176
[09-Jun-2024 19:04:33 UTC] PHP Notice:  Undefined variable: image in /home/awsstart/domains/digitalstrategists.co/public_html/themes/altum/views/index/index.php on line 176
[09-Jun-2024 19:04:33 UTC] PHP Notice:  Trying to get property 'input' of non-object in /home/awsstart/domains/digitalstrategists.co/public_html/themes/altum/views/index/index.php on line 176
[09-Jun-2024 19:04:33 UTC] PHP Notice:  Undefined property: stdClass::$dark_ltr_is_enabled in /home/awsstart/domains/digitalstrategists.co/public_html/themes/altum/views/partials/theme_style_js.php on line 19
[09-Jun-2024 19:04:33 UTC] PHP Notice:  Undefined property: stdClass::$light_ltr_is_enabled in /home/awsstart/domains/digitalstrategists.co/public_html/themes/altum/views/partials/theme_style_js.php on line 24
[09-Jun-2024 19:04:33 UTC] PHP Notice:  Undefined property: stdClass::$dark_ltr_is_enabled in /home/awsstart/domains/digitalstrategists.co/public_html/app/core/ThemeStyle.php on line 35
[09-Jun-2024 19:04:33 UTC] PHP Notice:  Undefined property: stdClass::$ad_blocker_detector_is_enabled in /home/awsstart/domains/digitalstrategists.co/public_html/themes/altum/views/partials/ad_blocker_detector.php on line 3
[09-Jun-2024 19:16:46 UTC] PHP Notice:  Undefined property: stdClass::$dark_ltr_is_enabled in /home/awsstart/domains/digitalstrategists.co/public_html/app/core/ThemeStyle.php on line 35
[09-Jun-2024 21:12:10 UTC] PHP Notice:  Undefined property: stdClass::$dark_ltr_is_enabled in /home/awsstart/domains/digitalstrategists.co/public_html/themes/altum/views/partials/theme_style_js.php on line 19
[09-Jun-2024 21:12:10 UTC] PHP Notice:  Undefined property: stdClass::$light_ltr_is_enabled in /home/awsstart/domains/digitalstrategists.co/public_html/themes/altum/views/partials/theme_style_js.php on line 24
[09-Jun-2024 21:12:10 UTC] PHP Notice:  Undefined property: stdClass::$dark_ltr_is_enabled in /home/awsstart/domains/digitalstrategists.co/public_html/app/core/ThemeStyle.php on line 35
[09-Jun-2024 21:12:10 UTC] PHP Notice:  Undefined property: stdClass::$ad_blocker_detector_is_enabled in /home/awsstart/domains/digitalstrategists.co/public_html/themes/altum/views/partials/ad_blocker_detector.php on line 3
[09-Jun-2024 22:18:27 UTC] PHP Notice:  Undefined variable: value in /home/awsstart/domains/digitalstrategists.co/public_html/themes/altum/views/index/index.php on line 7
[09-Jun-2024 22:18:27 UTC] PHP Notice:  Undefined variable: image in /home/awsstart/domains/digitalstrategists.co/public_html/themes/altum/views/index/index.php on line 176
[09-Jun-2024 22:18:27 UTC] PHP Notice:  Trying to get property 'input' of non-object in /home/awsstart/domains/digitalstrategists.co/public_html/themes/altum/views/index/index.php on line 176
[09-Jun-2024 22:18:27 UTC] PHP Notice:  Undefined variable: image in /home/awsstart/domains/digitalstrategists.co/public_html/themes/altum/views/index/index.php on line 176
[09-Jun-2024 22:18:27 UTC] PHP Notice:  Trying to get property 'input' of non-object in /home/awsstart/domains/digitalstrategists.co/public_html/themes/altum/views/index/index.php on line 176
[09-Jun-2024 22:18:27 UTC] PHP Notice:  Undefined variable: image in /home/awsstart/domains/digitalstrategists.co/public_html/themes/altum/views/index/index.php on line 176
[09-Jun-2024 22:18:27 UTC] PHP Notice:  Trying to get property 'input' of non-object in /home/awsstart/domains/digitalstrategists.co/public_html/themes/altum/views/index/index.php on line 176
[09-Jun-2024 22:18:27 UTC] PHP Notice:  Undefined variable: image in /home/awsstart/domains/digitalstrategists.co/public_html/themes/altum/views/index/index.php on line 176
[09-Jun-2024 22:18:27 UTC] PHP Notice:  Trying to get property 'input' of non-object in /home/awsstart/domains/digitalstrategists.co/public_html/themes/altum/views/index/index.php on line 176
[09-Jun-2024 22:18:27 UTC] PHP Notice:  Undefined variable: image in /home/awsstart/domains/digitalstrategists.co/public_html/themes/altum/views/index/index.php on line 176
[09-Jun-2024 22:18:27 UTC] PHP Notice:  Trying to get property 'input' of non-object in /home/awsstart/domains/digitalstrategists.co/public_html/themes/altum/views/index/index.php on line 176
[09-Jun-2024 22:18:27 UTC] PHP Notice:  Undefined variable: image in /home/awsstart/domains/digitalstrategists.co/public_html/themes/altum/views/index/index.php on line 176
[09-Jun-2024 22:18:27 UTC] PHP Notice:  Trying to get property 'input' of non-object in /home/awsstart/domains/digitalstrategists.co/public_html/themes/altum/views/index/index.php on line 176
[09-Jun-2024 22:18:27 UTC] PHP Notice:  Undefined variable: image in /home/awsstart/domains/digitalstrategists.co/public_html/themes/altum/views/index/index.php on line 176
[09-Jun-2024 22:18:27 UTC] PHP Notice:  Trying to get property 'input' of non-object in /home/awsstart/domains/digitalstrategists.co/public_html/themes/altum/views/index/index.php on line 176
[09-Jun-2024 22:18:27 UTC] PHP Notice:  Undefined variable: image in /home/awsstart/domains/digitalstrategists.co/public_html/themes/altum/views/index/index.php on line 176
[09-Jun-2024 22:18:27 UTC] PHP Notice:  Trying to get property 'input' of non-object in /home/awsstart/domains/digitalstrategists.co/public_html/themes/altum/views/index/index.php on line 176
[09-Jun-2024 22:18:27 UTC] PHP Notice:  Undefined variable: image in /home/awsstart/domains/digitalstrategists.co/public_html/themes/altum/views/index/index.php on line 176
[09-Jun-2024 22:18:27 UTC] PHP Notice:  Trying to get property 'input' of non-object in /home/awsstart/domains/digitalstrategists.co/public_html/themes/altum/views/index/index.php on line 176
[09-Jun-2024 22:18:27 UTC] PHP Notice:  Undefined variable: image in /home/awsstart/domains/digitalstrategists.co/public_html/themes/altum/views/index/index.php on line 176
[09-Jun-2024 22:18:27 UTC] PHP Notice:  Trying to get property 'input' of non-object in /home/awsstart/domains/digitalstrategists.co/public_html/themes/altum/views/index/index.php on line 176
[09-Jun-2024 22:18:27 UTC] PHP Notice:  Undefined variable: image in /home/awsstart/domains/digitalstrategists.co/public_html/themes/altum/views/index/index.php on line 176
[09-Jun-2024 22:18:27 UTC] PHP Notice:  Trying to get property 'input' of non-object in /home/awsstart/domains/digitalstrategists.co/public_html/themes/altum/views/index/index.php on line 176
[09-Jun-2024 22:18:27 UTC] PHP Notice:  Undefined variable: image in /home/awsstart/domains/digitalstrategists.co/public_html/themes/altum/views/index/index.php on line 176
[09-Jun-2024 22:18:27 UTC] PHP Notice:  Trying to get property 'input' of non-object in /home/awsstart/domains/digitalstrategists.co/public_html/themes/altum/views/index/index.php on line 176
[09-Jun-2024 22:18:27 UTC] PHP Notice:  Undefined variable: image in /home/awsstart/domains/digitalstrategists.co/public_html/themes/altum/views/index/index.php on line 176
[09-Jun-2024 22:18:27 UTC] PHP Notice:  Trying to get property 'input' of non-object in /home/awsstart/domains/digitalstrategists.co/public_html/themes/altum/views/index/index.php on line 176
[09-Jun-2024 22:18:27 UTC] PHP Notice:  Undefined variable: image in /home/awsstart/domains/digitalstrategists.co/public_html/themes/altum/views/index/index.php on line 176
[09-Jun-2024 22:18:27 UTC] PHP Notice:  Trying to get property 'input' of non-object in /home/awsstart/domains/digitalstrategists.co/public_html/themes/altum/views/index/index.php on line 176
[09-Jun-2024 22:18:27 UTC] PHP Notice:  Undefined variable: image in /home/awsstart/domains/digitalstrategists.co/public_html/themes/altum/views/index/index.php on line 176
[09-Jun-2024 22:18:27 UTC] PHP Notice:  Trying to get property 'input' of non-object in /home/awsstart/domains/digitalstrategists.co/public_html/themes/altum/views/index/index.php on line 176
[09-Jun-2024 22:18:27 UTC] PHP Notice:  Undefined variable: image in /home/awsstart/domains/digitalstrategists.co/public_html/themes/altum/views/index/index.php on line 176
[09-Jun-2024 22:18:27 UTC] PHP Notice:  Trying to get property 'input' of non-object in /home/awsstart/domains/digitalstrategists.co/public_html/themes/altum/views/index/index.php on line 176
[09-Jun-2024 22:18:27 UTC] PHP Notice:  Undefined variable: image in /home/awsstart/domains/digitalstrategists.co/public_html/themes/altum/views/index/index.php on line 176
[09-Jun-2024 22:18:27 UTC] PHP Notice:  Trying to get property 'input' of non-object in /home/awsstart/domains/digitalstrategists.co/public_html/themes/altum/views/index/index.php on line 176
[09-Jun-2024 22:18:27 UTC] PHP Notice:  Undefined variable: image in /home/awsstart/domains/digitalstrategists.co/public_html/themes/altum/views/index/index.php on line 176
[09-Jun-2024 22:18:27 UTC] PHP Notice:  Trying to get property 'input' of non-object in /home/awsstart/domains/digitalstrategists.co/public_html/themes/altum/views/index/index.php on line 176
[09-Jun-2024 22:18:27 UTC] PHP Notice:  Undefined variable: image in /home/awsstart/domains/digitalstrategists.co/public_html/themes/altum/views/index/index.php on line 176
[09-Jun-2024 22:18:27 UTC] PHP Notice:  Trying to get property 'input' of non-object in /home/awsstart/domains/digitalstrategists.co/public_html/themes/altum/views/index/index.php on line 176
[09-Jun-2024 22:18:27 UTC] PHP Notice:  Undefined variable: image in /home/awsstart/domains/digitalstrategists.co/public_html/themes/altum/views/index/index.php on line 176
[09-Jun-2024 22:18:27 UTC] PHP Notice:  Trying to get property 'input' of non-object in /home/awsstart/domains/digitalstrategists.co/public_html/themes/altum/views/index/index.php on line 176
[09-Jun-2024 22:18:27 UTC] PHP Notice:  Undefined variable: image in /home/awsstart/domains/digitalstrategists.co/public_html/themes/altum/views/index/index.php on line 176
[09-Jun-2024 22:18:27 UTC] PHP Notice:  Trying to get property 'input' of non-object in /home/awsstart/domains/digitalstrategists.co/public_html/themes/altum/views/index/index.php on line 176
[09-Jun-2024 22:18:27 UTC] PHP Notice:  Undefined variable: image in /home/awsstart/domains/digitalstrategists.co/public_html/themes/altum/views/index/index.php on line 176
[09-Jun-2024 22:18:27 UTC] PHP Notice:  Trying to get property 'input' of non-object in /home/awsstart/domains/digitalstrategists.co/public_html/themes/altum/views/index/index.php on line 176
[09-Jun-2024 22:18:27 UTC] PHP Notice:  Undefined variable: image in /home/awsstart/domains/digitalstrategists.co/public_html/themes/altum/views/index/index.php on line 176
[09-Jun-2024 22:18:27 UTC] PHP Notice:  Trying to get property 'input' of non-object in /home/awsstart/domains/digitalstrategists.co/public_html/themes/altum/views/index/index.php on line 176
[09-Jun-2024 22:18:27 UTC] PHP Notice:  Undefined variable: image in /home/awsstart/domains/digitalstrategists.co/public_html/themes/altum/views/index/index.php on line 176
[09-Jun-2024 22:18:27 UTC] PHP Notice:  Trying to get property 'input' of non-object in /home/awsstart/domains/digitalstrategists.co/public_html/themes/altum/views/index/index.php on line 176
[09-Jun-2024 22:18:27 UTC] PHP Notice:  Undefined variable: image in /home/awsstart/domains/digitalstrategists.co/public_html/themes/altum/views/index/index.php on line 176
[09-Jun-2024 22:18:27 UTC] PHP Notice:  Trying to get property 'input' of non-object in /home/awsstart/domains/digitalstrategists.co/public_html/themes/altum/views/index/index.php on line 176
[09-Jun-2024 22:18:27 UTC] PHP Notice:  Undefined variable: image in /home/awsstart/domains/digitalstrategists.co/public_html/themes/altum/views/index/index.php on line 176
[09-Jun-2024 22:18:27 UTC] PHP Notice:  Trying to get property 'input' of non-object in /home/awsstart/domains/digitalstrategists.co/public_html/themes/altum/views/index/index.php on line 176
[09-Jun-2024 22:18:27 UTC] PHP Notice:  Undefined variable: image in /home/awsstart/domains/digitalstrategists.co/public_html/themes/altum/views/index/index.php on line 176
[09-Jun-2024 22:18:27 UTC] PHP Notice:  Trying to get property 'input' of non-object in /home/awsstart/domains/digitalstrategists.co/public_html/themes/altum/views/index/index.php on line 176
[09-Jun-2024 22:18:27 UTC] PHP Notice:  Undefined variable: image in /home/awsstart/domains/digitalstrategists.co/public_html/themes/altum/views/index/index.php on line 176
[09-Jun-2024 22:18:27 UTC] PHP Notice:  Trying to get property 'input' of non-object in /home/awsstart/domains/digitalstrategists.co/public_html/themes/altum/views/index/index.php on line 176
[09-Jun-2024 22:18:27 UTC] PHP Notice:  Undefined variable: image in /home/awsstart/domains/digitalstrategists.co/public_html/themes/altum/views/index/index.php on line 176
[09-Jun-2024 22:18:27 UTC] PHP Notice:  Trying to get property 'input' of non-object in /home/awsstart/domains/digitalstrategists.co/public_html/themes/altum/views/index/index.php on line 176
[09-Jun-2024 22:18:27 UTC] PHP Notice:  Undefined variable: image in /home/awsstart/domains/digitalstrategists.co/public_html/themes/altum/views/index/index.php on line 176
[09-Jun-2024 22:18:27 UTC] PHP Notice:  Trying to get property 'input' of non-object in /home/awsstart/domains/digitalstrategists.co/public_html/themes/altum/views/index/index.php on line 176
[09-Jun-2024 22:18:27 UTC] PHP Notice:  Undefined variable: image in /home/awsstart/domains/digitalstrategists.co/public_html/themes/altum/views/index/index.php on line 176
[09-Jun-2024 22:18:27 UTC] PHP Notice:  Trying to get property 'input' of non-object in /home/awsstart/domains/digitalstrategists.co/public_html/themes/altum/views/index/index.php on line 176
[09-Jun-2024 22:18:27 UTC] PHP Notice:  Undefined variable: image in /home/awsstart/domains/digitalstrategists.co/public_html/themes/altum/views/index/index.php on line 176
[09-Jun-2024 22:18:27 UTC] PHP Notice:  Trying to get property 'input' of non-object in /home/awsstart/domains/digitalstrategists.co/public_html/themes/altum/views/index/index.php on line 176
[09-Jun-2024 22:18:27 UTC] PHP Notice:  Undefined variable: image in /home/awsstart/domains/digitalstrategists.co/public_html/themes/altum/views/index/index.php on line 176
[09-Jun-2024 22:18:27 UTC] PHP Notice:  Trying to get property 'input' of non-object in /home/awsstart/domains/digitalstrategists.co/public_html/themes/altum/views/index/index.php on line 176
[09-Jun-2024 22:18:27 UTC] PHP Notice:  Undefined variable: image in /home/awsstart/domains/digitalstrategists.co/public_html/themes/altum/views/index/index.php on line 176
[09-Jun-2024 22:18:27 UTC] PHP Notice:  Trying to get property 'input' of non-object in /home/awsstart/domains/digitalstrategists.co/public_html/themes/altum/views/index/index.php on line 176
[09-Jun-2024 22:18:27 UTC] PHP Notice:  Undefined variable: image in /home/awsstart/domains/digitalstrategists.co/public_html/themes/altum/views/index/index.php on line 176
[09-Jun-2024 22:18:27 UTC] PHP Notice:  Trying to get property 'input' of non-object in /home/awsstart/domains/digitalstrategists.co/public_html/themes/altum/views/index/index.php on line 176
[09-Jun-2024 22:18:27 UTC] PHP Notice:  Undefined variable: image in /home/awsstart/domains/digitalstrategists.co/public_html/themes/altum/views/index/index.php on line 176
[09-Jun-2024 22:18:27 UTC] PHP Notice:  Trying to get property 'input' of non-object in /home/awsstart/domains/digitalstrategists.co/public_html/themes/altum/views/index/index.php on line 176
[09-Jun-2024 22:18:27 UTC] PHP Notice:  Undefined property: stdClass::$dark_ltr_is_enabled in /home/awsstart/domains/digitalstrategists.co/public_html/themes/altum/views/partials/theme_style_js.php on line 19
[09-Jun-2024 22:18:27 UTC] PHP Notice:  Undefined property: stdClass::$light_ltr_is_enabled in /home/awsstart/domains/digitalstrategists.co/public_html/themes/altum/views/partials/theme_style_js.php on line 24
[09-Jun-2024 22:18:27 UTC] PHP Notice:  Undefined property: stdClass::$dark_ltr_is_enabled in /home/awsstart/domains/digitalstrategists.co/public_html/app/core/ThemeStyle.php on line 35
[09-Jun-2024 22:18:27 UTC] PHP Notice:  Undefined property: stdClass::$ad_blocker_detector_is_enabled in /home/awsstart/domains/digitalstrategists.co/public_html/themes/altum/views/partials/ad_blocker_detector.php on line 3
